2017-11-15T22:22:16.293809Z  Test 5
2017-11-15T22:22:16.298104Z  
email_ok
2017-11-15T22:22:16.434899Z  
mila_accept_ok
2017-11-15T22:22:16.437964Z  mila_accept
2017-11-15T22:22:16.437992Z  mila_accept() start not found
2017-11-15T22:22:16.438003Z  No new order pending
2017-11-15T22:22:16.438948Z  mila_accept
2017-11-15T22:22:16.438974Z  Nouvelles demandes
2017-11-15T22:22:16.439195Z  curl_easy_setopt
2017-11-15T22:22:16.439216Z  curl_easy_setopt ok
2017-11-15T22:22:16.439315Z  orderid: 110943
2017-11-15T22:22:16.439336Z  csrf: jLnrBq2HcsROMJdXms1E7G1DCGr6+JvYWc19k=
2017-11-15T22:22:16.439358Z  post: _csrf=jLnrBq2HcsROMJdXms1E7G1DCGr6%2BJvYWc19k%3D
2017-11-15T22:22:16.439371Z  postlen: 48
2017-11-15T22:22:16.439381Z  https://www.mila.com/friendaccept/110943
2017-11-15T22:22:16.456221Z  mila_accept() error
2017-11-15T22:22:16.456552Z  mila_accept
2017-11-15T22:22:16.456588Z  Nouvelles demandes
2017-11-15T22:22:16.456748Z  curl_easy_setopt
2017-11-15T22:22:16.456760Z  curl_easy_setopt ok
2017-11-15T22:22:16.456810Z  orderid: 111107
2017-11-15T22:22:16.456823Z  csrf: fPdtnFWEDsdKuzRXfzmoIZTaXk9Ou1YIlBChE=
2017-11-15T22:22:16.456836Z  post: _csrf=fPdtnFWEDsdKuzRXfzmoIZTaXk9Ou1YIlBChE%3D
2017-11-15T22:22:16.456845Z  postlen: 46
2017-11-15T22:22:16.456854Z  https://www.mila.com/friendaccept/111107
2017-11-15T22:22:16.479628Z  mila_accept() error
2017-11-15T22:22:16.480340Z  mila_accept
2017-11-15T22:22:16.480362Z  Nouvelles demandes
2017-11-15T22:22:16.480487Z  curl_easy_setopt
2017-11-15T22:22:16.480497Z  curl_easy_setopt ok
2017-11-15T22:22:16.480528Z  orderid: 111313
2017-11-15T22:22:16.480537Z  csrf: XxjQq4URzyT1ezbF2fog1U7isiXcnFXFppKNI=
2017-11-15T22:22:16.480549Z  post: _csrf=XxjQq4URzyT1ezbF2fog1U7isiXcnFXFppKNI%3D
2017-11-15T22:22:16.480556Z  postlen: 46
2017-11-15T22:22:16.480562Z  https://www.mila.com/friendaccept/111313
2017-11-15T22:22:16.496032Z  mila_accept() error
2017-11-15T22:22:16.496450Z  mila_accept
2017-11-15T22:22:16.496468Z  Nouvelles demandes
2017-11-15T22:22:16.496610Z  curl_easy_setopt
2017-11-15T22:22:16.496624Z  curl_easy_setopt ok
2017-11-15T22:22:16.496746Z  orderid: 110943
2017-11-15T22:22:16.496760Z  csrf: jLnrBq2HcsROMJdXms1E7G1DCGr6+JvYWc19k=
2017-11-15T22:22:16.496772Z  post: _csrf=jLnrBq2HcsROMJdXms1E7G1DCGr6%2BJvYWc19k%3D
2017-11-15T22:22:16.496780Z  postlen: 48
2017-11-15T22:22:16.496786Z  https://www.mila.com/friendaccept/110943
2017-11-15T22:22:16.511437Z  mila_accept() error
2017-11-15T22:22:16.511712Z  mila_accept
2017-11-15T22:22:16.511728Z  Nouvelles demandes
2017-11-15T22:22:16.511840Z  curl_easy_setopt
2017-11-15T22:22:16.511864Z  curl_easy_setopt ok
2017-11-15T22:22:16.511963Z  orderid: 110919
2017-11-15T22:22:16.511978Z  csrf: I5n00d8HPqCOOVeaLbgkQb3rBieyi4P/1lDIs=
2017-11-15T22:22:16.511989Z  post: _csrf=I5n00d8HPqCOOVeaLbgkQb3rBieyi4P%2F1lDIs%3D
2017-11-15T22:22:16.511995Z  postlen: 48
2017-11-15T22:22:16.512003Z  https://www.mila.com/friendaccept/110919
2017-11-15T22:22:16.527651Z  mila_accept() error
2017-11-15T22:22:16.528245Z  mila_accept
2017-11-15T22:22:16.528331Z  mila_accept() start not found
2017-11-15T22:22:16.528343Z  No new order pending
2017-11-15T22:22:16.532158Z  mila_find_emaillink_ok
2017-11-15T22:22:16.719592Z  
mila_ok
2017-11-15T22:22:16.719657Z  mila_init profile 0
2017-11-15T22:22:16.721580Z  mila_init profile 1
2017-11-15T22:22:16.721628Z  mila_init profile 2
2017-11-15T22:22:16.721657Z  mila_init profile 3
2017-11-15T22:22:16.721692Z  mila_init profile 4
2017-11-15T22:22:16.721718Z  mila_init profile 5
2017-11-15T22:22:16.721793Z  mila_init profile 6
2017-11-15T22:22:16.721811Z  mila_init profile 7
2017-11-15T22:22:16.721829Z  mila_init profile 8
2017-11-15T22:22:16.721846Z  mila_init profile 9
2017-11-15T22:22:16.721873Z  mila_init profile 10
2017-11-15T22:22:16.722034Z  link to mila start not found
2017-11-15T22:22:16.722046Z  link to mila not found
2017-11-15T22:22:16.722069Z  Forwarding email
2017-11-15T22:22:16.751519Z  system returned : 0
2017-11-15T22:22:16.751591Z  Mila end
2017-11-15T22:22:16.751687Z  link to mila start not found
2017-11-15T22:22:16.751697Z  link to mila not found
2017-11-15T22:22:16.751726Z  Forwarding email
2017-11-15T22:22:16.783821Z  system returned : 0
2017-11-15T22:22:16.783857Z  Mila end
2017-11-15T22:23:05.284826Z  Test 5
2017-11-15T22:23:05.288979Z  
email_ok
2017-11-15T22:23:05.350659Z  
mila_accept_ok
2017-11-15T22:23:05.353664Z  mila_accept
2017-11-15T22:23:05.353689Z  mila_accept() start not found
2017-11-15T22:23:05.353699Z  No new order pending
2017-11-15T22:23:05.354484Z  mila_accept
2017-11-15T22:23:05.354501Z  Nouvelles demandes
2017-11-15T22:23:05.354696Z  curl_easy_setopt
2017-11-15T22:23:05.354712Z  curl_easy_setopt ok
2017-11-15T22:23:05.354872Z  orderid: 110943
2017-11-15T22:23:05.354893Z  csrf: jLnrBq2HcsROMJdXms1E7G1DCGr6+JvYWc19k=
2017-11-15T22:23:05.354915Z  post: _csrf=jLnrBq2HcsROMJdXms1E7G1DCGr6%2BJvYWc19k%3D
2017-11-15T22:23:05.354938Z  postlen: 48
2017-11-15T22:23:05.354946Z  https://www.mila.com/friendaccept/110943
2017-11-15T22:23:05.379779Z  mila_accept() error
2017-11-15T22:23:05.380095Z  mila_accept
2017-11-15T22:23:05.380124Z  Nouvelles demandes
2017-11-15T22:23:05.380300Z  curl_easy_setopt
2017-11-15T22:23:05.380312Z  curl_easy_setopt ok
2017-11-15T22:23:05.380432Z  orderid: 111107
2017-11-15T22:23:05.380449Z  csrf: fPdtnFWEDsdKuzRXfzmoIZTaXk9Ou1YIlBChE=
2017-11-15T22:23:05.380464Z  post: _csrf=fPdtnFWEDsdKuzRXfzmoIZTaXk9Ou1YIlBChE%3D
2017-11-15T22:23:05.380487Z  postlen: 46
2017-11-15T22:23:05.380500Z  https://www.mila.com/friendaccept/111107
2017-11-15T22:23:05.395606Z  mila_accept() error
2017-11-15T22:23:05.396446Z  mila_accept
2017-11-15T22:23:05.396484Z  Nouvelles demandes
2017-11-15T22:23:05.396651Z  curl_easy_setopt
2017-11-15T22:23:05.396662Z  curl_easy_setopt ok
2017-11-15T22:23:05.396767Z  orderid: 111313
2017-11-15T22:23:05.396782Z  csrf: XxjQq4URzyT1ezbF2fog1U7isiXcnFXFppKNI=
2017-11-15T22:23:05.396795Z  post: _csrf=XxjQq4URzyT1ezbF2fog1U7isiXcnFXFppKNI%3D
2017-11-15T22:23:05.396811Z  postlen: 46
2017-11-15T22:23:05.396820Z  https://www.mila.com/friendaccept/111313
2017-11-15T22:23:05.419102Z  mila_accept() error
2017-11-15T22:23:05.419343Z  mila_accept
2017-11-15T22:23:05.419360Z  Nouvelles demandes
2017-11-15T22:23:05.419505Z  curl_easy_setopt
2017-11-15T22:23:05.419515Z  curl_easy_setopt ok
2017-11-15T22:23:05.419658Z  orderid: 110943
2017-11-15T22:23:05.419673Z  csrf: jLnrBq2HcsROMJdXms1E7G1DCGr6+JvYWc19k=
2017-11-15T22:23:05.419686Z  post: _csrf=jLnrBq2HcsROMJdXms1E7G1DCGr6%2BJvYWc19k%3D
2017-11-15T22:23:05.419694Z  postlen: 48
2017-11-15T22:23:05.419703Z  https://www.mila.com/friendaccept/110943
2017-11-15T22:23:05.439752Z  mila_accept() error
2017-11-15T22:23:05.439992Z  mila_accept
2017-11-15T22:23:05.440008Z  Nouvelles demandes
2017-11-15T22:23:05.440155Z  curl_easy_setopt
2017-11-15T22:23:05.440176Z  curl_easy_setopt ok
2017-11-15T22:23:05.440293Z  orderid: 110919
2017-11-15T22:23:05.440307Z  csrf: I5n00d8HPqCOOVeaLbgkQb3rBieyi4P/1lDIs=
2017-11-15T22:23:05.440319Z  post: _csrf=I5n00d8HPqCOOVeaLbgkQb3rBieyi4P%2F1lDIs%3D
2017-11-15T22:23:05.440326Z  postlen: 48
2017-11-15T22:23:05.440333Z  https://www.mila.com/friendaccept/110919
2017-11-15T22:23:05.459533Z  mila_accept() error
2017-11-15T22:23:05.460052Z  mila_accept
2017-11-15T22:23:05.460150Z  mila_accept() start not found
2017-11-15T22:23:05.460159Z  No new order pending
2017-11-15T22:23:05.467459Z  mila_find_emaillink_ok
2017-11-15T22:23:05.644542Z  
mila_ok
2017-11-15T22:23:05.644600Z  mila_init profile 0
2017-11-15T22:23:05.646494Z  mila_init profile 1
2017-11-15T22:23:05.646528Z  mila_init profile 2
2017-11-15T22:23:05.646549Z  mila_init profile 3
2017-11-15T22:23:05.646568Z  mila_init profile 4
2017-11-15T22:23:05.646585Z  mila_init profile 5
2017-11-15T22:23:05.646604Z  mila_init profile 6
2017-11-15T22:23:05.646627Z  mila_init profile 7
2017-11-15T22:23:05.646653Z  mila_init profile 8
2017-11-15T22:23:05.646672Z  mila_init profile 9
2017-11-15T22:23:05.646706Z  mila_init profile 10
2017-11-15T22:23:05.646883Z  link to mila start not found
2017-11-15T22:23:05.646895Z  link to mila not found
2017-11-15T22:23:05.646911Z  Forwarding email
2017-11-15T22:23:05.689638Z  system returned : 0
2017-11-15T22:23:05.689766Z  Mila end
2017-11-15T22:23:05.689965Z  link to mila start not found
2017-11-15T22:23:05.689992Z  link to mila not found
2017-11-15T22:23:05.690035Z  Forwarding email
2017-11-15T22:23:05.728002Z  system returned : 0
2017-11-15T22:23:05.728071Z  Mila end
2017-11-15T22:23:09.721457Z  Test 5
2017-11-15T22:23:09.724409Z  
email_ok
2017-11-15T22:23:09.777846Z  
mila_accept_ok
2017-11-15T22:23:09.780450Z  mila_accept
2017-11-15T22:23:09.780477Z  mila_accept() start not found
2017-11-15T22:23:09.780487Z  No new order pending
2017-11-15T22:23:09.781189Z  mila_accept
2017-11-15T22:23:09.781208Z  Nouvelles demandes
2017-11-15T22:23:09.781438Z  curl_easy_setopt
2017-11-15T22:23:09.781458Z  curl_easy_setopt ok
2017-11-15T22:23:09.781628Z  orderid: 110943
2017-11-15T22:23:09.781656Z  csrf: jLnrBq2HcsROMJdXms1E7G1DCGr6+JvYWc19k=
2017-11-15T22:23:09.781671Z  post: _csrf=jLnrBq2HcsROMJdXms1E7G1DCGr6%2BJvYWc19k%3D
2017-11-15T22:23:09.781682Z  postlen: 48
2017-11-15T22:23:09.781691Z  https://www.mila.com/friendaccept/110943
2017-11-15T22:23:09.800372Z  mila_accept() error
2017-11-15T22:23:09.800601Z  mila_accept
2017-11-15T22:23:09.800623Z  Nouvelles demandes
2017-11-15T22:23:09.800775Z  curl_easy_setopt
2017-11-15T22:23:09.800787Z  curl_easy_setopt ok
2017-11-15T22:23:09.800874Z  orderid: 111107
2017-11-15T22:23:09.800891Z  csrf: fPdtnFWEDsdKuzRXfzmoIZTaXk9Ou1YIlBChE=
2017-11-15T22:23:09.800905Z  post: _csrf=fPdtnFWEDsdKuzRXfzmoIZTaXk9Ou1YIlBChE%3D
2017-11-15T22:23:09.800914Z  postlen: 46
2017-11-15T22:23:09.800922Z  https://www.mila.com/friendaccept/111107
2017-11-15T22:23:09.815169Z  mila_accept() error
2017-11-15T22:23:09.815886Z  mila_accept
2017-11-15T22:23:09.815908Z  Nouvelles demandes
2017-11-15T22:23:09.816063Z  curl_easy_setopt
2017-11-15T22:23:09.816075Z  curl_easy_setopt ok
2017-11-15T22:23:09.816107Z  orderid: 111313
2017-11-15T22:23:09.816119Z  csrf: XxjQq4URzyT1ezbF2fog1U7isiXcnFXFppKNI=
2017-11-15T22:23:09.816132Z  post: _csrf=XxjQq4URzyT1ezbF2fog1U7isiXcnFXFppKNI%3D
2017-11-15T22:23:09.816142Z  postlen: 46
2017-11-15T22:23:09.816151Z  https://www.mila.com/friendaccept/111313
2017-11-15T22:23:09.831531Z  mila_accept() error
2017-11-15T22:23:09.831742Z  mila_accept
2017-11-15T22:23:09.831762Z  Nouvelles demandes
2017-11-15T22:23:09.831908Z  curl_easy_setopt
2017-11-15T22:23:09.831919Z  curl_easy_setopt ok
2017-11-15T22:23:09.832006Z  orderid: 110943
2017-11-15T22:23:09.832023Z  csrf: jLnrBq2HcsROMJdXms1E7G1DCGr6+JvYWc19k=
2017-11-15T22:23:09.832037Z  post: _csrf=jLnrBq2HcsROMJdXms1E7G1DCGr6%2BJvYWc19k%3D
2017-11-15T22:23:09.832046Z  postlen: 48
2017-11-15T22:23:09.832055Z  https://www.mila.com/friendaccept/110943
2017-11-15T22:23:09.847704Z  mila_accept() error
2017-11-15T22:23:09.847920Z  mila_accept
2017-11-15T22:23:09.847940Z  Nouvelles demandes
2017-11-15T22:23:09.848084Z  curl_easy_setopt
2017-11-15T22:23:09.848100Z  curl_easy_setopt ok
2017-11-15T22:23:09.848186Z  orderid: 110919
2017-11-15T22:23:09.848203Z  csrf: I5n00d8HPqCOOVeaLbgkQb3rBieyi4P/1lDIs=
2017-11-15T22:23:09.848217Z  post: _csrf=I5n00d8HPqCOOVeaLbgkQb3rBieyi4P%2F1lDIs%3D
2017-11-15T22:23:09.848226Z  postlen: 48
2017-11-15T22:23:09.848234Z  https://www.mila.com/friendaccept/110919
2017-11-15T22:23:09.863115Z  mila_accept() error
2017-11-15T22:23:09.863637Z  mila_accept
2017-11-15T22:23:09.863743Z  mila_accept() start not found
2017-11-15T22:23:09.863754Z  No new order pending
2017-11-15T22:23:09.867431Z  mila_find_emaillink_ok
2017-11-15T22:23:09.880465Z  
mila_ok
2017-11-15T22:23:09.880522Z  mila_init profile 0
2017-11-15T22:23:09.882397Z  mila_init profile 1
2017-11-15T22:23:09.882447Z  mila_init profile 2
2017-11-15T22:23:09.882483Z  mila_init profile 3
2017-11-15T22:23:09.882515Z  mila_init profile 4
2017-11-15T22:23:09.882538Z  mila_init profile 5
2017-11-15T22:23:09.882562Z  mila_init profile 6
2017-11-15T22:23:09.882587Z  mila_init profile 7
2017-11-15T22:23:09.882611Z  mila_init profile 8
2017-11-15T22:23:09.882640Z  mila_init profile 9
2017-11-15T22:23:09.882665Z  mila_init profile 10
2017-11-15T22:23:09.882799Z  link to mila start not found
2017-11-15T22:23:09.882815Z  link to mila not found
2017-11-15T22:23:09.882834Z  Forwarding email
2017-11-15T22:23:09.903463Z  system returned : 0
2017-11-15T22:23:09.903515Z  Mila end
2017-11-15T22:23:09.903610Z  link to mila start not found
2017-11-15T22:23:09.903622Z  link to mila not found
2017-11-15T22:23:09.903638Z  Forwarding email
2017-11-15T22:23:09.927449Z  system returned : 0
2017-11-15T22:23:09.927502Z  Mila end
2017-11-15T22:23:24.766126Z  mila_find_emaillink_ok
2017-11-15T22:23:52.410137Z  mila_find_emaillink_ok
2017-11-15T22:29:00.852089Z  mila_find_emaillink_ok
2017-11-15T22:29:06.746667Z  mila_find_emaillink_ok
2017-11-15T22:29:27.828091Z  mila_find_emaillink_ok
2017-11-15T22:31:18.025210Z  mila_find_emaillink_ok
2017-11-15T22:31:33.312458Z  mila_find_emaillink_ok
2017-11-15T22:31:33.316128Z  link to mila start found
2017-11-15T22:31:33.316164Z  link to mila end found
2017-11-15T22:31:33.316177Z  link to mila found: tou.c
2017-11-15T22:31:33.316277Z  link to mila start found
2017-11-15T22:31:33.316309Z  link to mila end found
2017-11-15T22:31:33.316330Z  link to mila found: tou.c
2017-11-15T22:35:31.140179Z  mila_find_emaillink_ok
2017-11-15T22:35:31.143892Z  link to mila start found
2017-11-15T22:35:31.143926Z  link to mila end found
2017-11-15T22:35:31.143941Z  link to mila found: tou.c
2017-11-15T22:35:31.144032Z  link to mila start found
2017-11-15T22:35:31.144052Z  link to mila end found
2017-11-15T22:35:31.144063Z  link to mila found: tou.c
2017-11-15T22:40:09.928579Z  mila_find_emaillink_ok
2017-11-15T22:40:09.931549Z  link to mila start found
2017-11-15T22:40:09.931577Z  link to mila end found
2017-11-15T22:40:09.931592Z  link to mila found: loginWithPW/926389f6?next=/friendservicecalls/11675=
2017-11-15T22:40:09.931636Z  link to mila start found
2017-11-15T22:40:09.931648Z  link to mila end found
2017-11-15T22:40:09.931660Z  link to mila found: loginWithPW/926389f6?next=/friendservicecalls/11675=
2017-11-15T22:41:39.522393Z  mila_find_emaillink_ok
2017-11-15T22:41:39.525788Z  link to mila start found
2017-11-15T22:41:39.525817Z  link to mila end found
2017-11-15T22:41:39.525834Z  link to mila found: <https://www.mila.com/loginWithPW/926389f6?next=/friendservicecalls/11675=
2017-11-15T22:41:39.525858Z  link to mila start found
2017-11-15T22:41:39.525871Z  link to mila end found
2017-11-15T22:41:39.525884Z  link to mila found: <https://www.mila.com/loginWithPW/926389f6?next=/friendservicecalls/11675=
2017-11-15T22:42:10.606781Z  mila_find_emaillink_ok
2017-11-15T22:42:10.610829Z  link to mila start found
2017-11-15T22:42:10.610878Z  link to mila end found
2017-11-15T22:42:10.610900Z  link to mila found: https://www.mila.com/loginWithPW/926389f6?next=/friendservicecalls/116757
2017-11-15T22:42:10.610931Z  link to mila start found
2017-11-15T22:42:10.611012Z  link to mila end found
2017-11-15T22:42:10.611033Z  link to mila found: https://www.mila.com/loginWithPW/926389f6?next=/friendservicecalls/116757
2017-11-15T22:43:35.521947Z  mila_find_emaillink_ok
2017-11-15T22:43:35.525824Z  link to mila start found
2017-11-15T22:43:35.525889Z  link to mila end found
2017-11-15T22:43:35.525909Z  link to mila found: https://www.mila.com/loginWithPW/926389f6?next=/friendservicecalls/116757
2017-11-15T22:43:35.525962Z  link to mila start found
2017-11-15T22:43:35.525989Z  link to mila end found
2017-11-15T22:43:35.526005Z  link to mila found: https://www.mila.com/loginWithPW/926389f6?next=/friendservicecalls/117134
2017-11-15T22:43:35.526063Z  link to mila start found
2017-11-15T22:43:35.526090Z  link to mila end found
2017-11-15T22:43:35.526106Z  link to mila found: https://www.mila.com/loginWithPW/c6f77a0f?next=/friendservicecalls/115542
2017-11-15T22:43:35.526156Z  link to mila start found
2017-11-15T22:43:35.526169Z  link to mila end found
2017-11-15T22:43:35.526194Z  link to mila found: https://www.mila.com/loginWithPW/3a9d44fe?next=/friendservicecalls/117368
2017-11-15T22:43:35.526238Z  link to mila start found
2017-11-15T22:43:35.526257Z  link to mila end found
2017-11-15T22:43:35.526294Z  link to mila found: https://www.mila.com/loginWithPW/50360217?next=/friendservicecalls/115542
2017-11-15T22:43:35.526361Z  link to mila start found
2017-11-15T22:43:35.526374Z  link to mila end found
2017-11-15T22:43:35.526390Z  link to mila found: https://www.mila.com/loginWithPW/b1489764?next=/friendservicecalls/115542
2017-11-15T22:43:35.526461Z  afficher sur le web not found
2017-11-15T22:43:35.526510Z  afficher sur le web not found
2017-11-15T22:44:45.554758Z  mila_find_emaillink_ok
2017-11-15T22:44:45.558674Z  file: 1510639489202562
2017-11-15T22:44:45.558854Z  link to mila start found
2017-11-15T22:44:45.558880Z  link to mila end found
2017-11-15T22:44:45.558897Z  link to mila found: https://www.mila.com/loginWithPW/926389f6?next=/friendservicecalls/116757
2017-11-15T22:44:45.558913Z  file: 1510676880564945
2017-11-15T22:44:45.559060Z  link to mila start found
2017-11-15T22:44:45.559079Z  link to mila end found
2017-11-15T22:44:45.559095Z  link to mila found: https://www.mila.com/loginWithPW/926389f6?next=/friendservicecalls/117134
2017-11-15T22:44:45.559107Z  file: 1510769027216140
2017-11-15T22:44:45.559224Z  link to mila start found
2017-11-15T22:44:45.559243Z  link to mila end found
2017-11-15T22:44:45.559259Z  link to mila found: https://www.mila.com/loginWithPW/c6f77a0f?next=/friendservicecalls/115542
2017-11-15T22:44:45.559271Z  file: 1510743418933235
2017-11-15T22:44:45.559353Z  link to mila start found
2017-11-15T22:44:45.559367Z  link to mila end found
2017-11-15T22:44:45.559383Z  link to mila found: https://www.mila.com/loginWithPW/3a9d44fe?next=/friendservicecalls/117368
2017-11-15T22:44:45.559394Z  file: 1510735845271567
2017-11-15T22:44:45.559480Z  link to mila start found
2017-11-15T22:44:45.559494Z  link to mila end found
2017-11-15T22:44:45.559510Z  link to mila found: https://www.mila.com/loginWithPW/50360217?next=/friendservicecalls/115542
2017-11-15T22:44:45.559527Z  file: 1510769028009953
2017-11-15T22:44:45.559609Z  link to mila start found
2017-11-15T22:44:45.559623Z  link to mila end found
2017-11-15T22:44:45.559638Z  link to mila found: https://www.mila.com/loginWithPW/b1489764?next=/friendservicecalls/115542
2017-11-15T22:44:45.559650Z  file: 1510743789719365
2017-11-15T22:44:45.559744Z  afficher sur le web not found
2017-11-15T22:44:45.559833Z  afficher sur le web not found
2017-11-15T22:47:37.308325Z  mila_find_emaillink_ok
2017-11-15T22:47:37.312119Z  file: 1510639489202562
2017-11-15T22:47:37.312240Z  link to mila start found
2017-11-15T22:47:37.312284Z  link to mila end found
2017-11-15T22:47:37.312303Z  link to mila found: https://www.mila.com/loginWithPW/926389f6?next=/friendservicecalls/116757
2017-11-15T22:47:37.312319Z  file: 1510676880564945
2017-11-15T22:47:37.312358Z  link to mila start found
2017-11-15T22:47:37.312371Z  link to mila end found
2017-11-15T22:47:37.312386Z  link to mila found: https://www.mila.com/loginWithPW/926389f6?next=/friendservicecalls/117134
2017-11-15T22:47:37.312398Z  file: 1510769027216140
2017-11-15T22:47:37.312432Z  link to mila start found
2017-11-15T22:47:37.312444Z  link to mila end found
2017-11-15T22:47:37.312459Z  link to mila found: https://www.mila.com/loginWithPW/c6f77a0f?next=/friendservicecalls/115542
2017-11-15T22:47:37.312470Z  file: 1510743418933235
2017-11-15T22:47:37.312505Z  link to mila start found
2017-11-15T22:47:37.312518Z  link to mila end found
2017-11-15T22:47:37.312533Z  link to mila found: https://www.mila.com/loginWithPW/3a9d44fe?next=/friendservicecalls/117368
2017-11-15T22:47:37.312545Z  file: 1510735845271567
2017-11-15T22:47:37.312589Z  link to mila start found
2017-11-15T22:47:37.312608Z  link to mila end found
2017-11-15T22:47:37.312628Z  link to mila found: https://www.mila.com/loginWithPW/50360217?next=/friendservicecalls/115542
2017-11-15T22:47:37.312650Z  file: 1510769028009953
2017-11-15T22:47:37.312694Z  link to mila start found
2017-11-15T22:47:37.312711Z  link to mila end found
2017-11-15T22:47:37.312734Z  link to mila found: https://www.mila.com/loginWithPW/b1489764?next=/friendservicecalls/115542
2017-11-15T22:47:37.312772Z  file: 1510743789719365
2017-11-15T22:47:37.312830Z  afficher sur le web not found
2017-11-15T22:47:37.312866Z  afficher sur le web not found
2017-11-15T22:55:58.377269Z  mila_find_emaillink_ok
2017-11-15T22:55:58.380019Z  file: 1510639489202562
2017-11-15T22:55:58.380384Z  link to mila start found
2017-11-15T22:55:58.380406Z  link to mila end found
2017-11-15T22:55:58.380420Z  link to mila found: https://www.mila.com/loginWithPW/926389f6?next=/friendservicecalls/116757
2017-11-15T22:55:58.380441Z  file: 1510676880564945
2017-11-15T22:55:58.380782Z  link to mila start found
2017-11-15T22:55:58.380794Z  link to mila end found
2017-11-15T22:55:58.380807Z  link to mila found: https://www.mila.com/loginWithPW/926389f6?next=/friendservicecalls/117134
2017-11-15T22:55:58.380817Z  file: 1510769027216140
2017-11-15T22:55:58.381405Z  link to mila start found
2017-11-15T22:55:58.381452Z  link to mila end found
2017-11-15T22:55:58.381490Z  link to mila found: https://www.mila.com/loginWithPW/c6f77a0f?next=/friendservicecalls/115542
2017-11-15T22:55:58.381536Z  file: 1510743418933235
2017-11-15T22:55:58.382091Z  link to mila start found
2017-11-15T22:55:58.382109Z  link to mila end found
2017-11-15T22:55:58.382126Z  link to mila found: https://www.mila.com/loginWithPW/3a9d44fe?next=/friendservicecalls/117368
2017-11-15T22:55:58.382140Z  file: 1510735845271567
2017-11-15T22:55:58.382657Z  link to mila start found
2017-11-15T22:55:58.382672Z  link to mila end found
2017-11-15T22:55:58.382688Z  link to mila found: https://www.mila.com/loginWithPW/50360217?next=/friendservicecalls/115542
2017-11-15T22:55:58.382701Z  file: 1510769028009953
2017-11-15T22:55:58.383191Z  link to mila start found
2017-11-15T22:55:58.383216Z  link to mila end found
2017-11-15T22:55:58.383233Z  link to mila found: https://www.mila.com/loginWithPW/b1489764?next=/friendservicecalls/115542
2017-11-15T22:55:58.383247Z  file: 1510743789719365
2017-11-15T22:55:58.383322Z  afficher sur le web not found
2017-11-15T22:55:58.383371Z  afficher sur le web not found
2017-11-15T22:59:51.928317Z  mila_find_emaillink_ok
2017-11-15T22:59:51.932124Z  file: 1510639489202562
2017-11-15T22:59:51.932266Z  link to mila start found
2017-11-15T22:59:51.932288Z  link to mila end found
2017-11-15T22:59:51.932316Z  link to mila found: https://www.mila.com/loginWithPW/926389f6?next=/friendservicecalls/116757
2017-11-15T22:59:51.932344Z  file: 1510676880564945
2017-11-15T22:59:51.932403Z  link to mila start found
2017-11-15T22:59:51.932420Z  link to mila end found
2017-11-15T22:59:51.932438Z  link to mila found: https://www.mila.com/loginWithPW/926389f6?next=/friendservicecalls/117134
2017-11-15T22:59:51.932452Z  file: 1510769027216140
2017-11-15T22:59:51.932502Z  link to mila start found
2017-11-15T22:59:51.932517Z  link to mila end found
2017-11-15T22:59:51.932534Z  link to mila found: https://www.mila.com/loginWithPW/c6f77a0f?next=/friendservicecalls/115542
2017-11-15T22:59:51.932548Z  file: 1510743418933235
2017-11-15T22:59:51.932585Z  link to mila start found
2017-11-15T22:59:51.932600Z  link to mila end found
2017-11-15T22:59:51.932617Z  link to mila found: https://www.mila.com/loginWithPW/3a9d44fe?next=/friendservicecalls/117368
2017-11-15T22:59:51.932630Z  file: 1510735845271567
2017-11-15T22:59:51.932666Z  link to mila start found
2017-11-15T22:59:51.932680Z  link to mila end found
2017-11-15T22:59:51.932697Z  link to mila found: https://www.mila.com/loginWithPW/50360217?next=/friendservicecalls/115542
2017-11-15T22:59:51.932710Z  file: 1510769028009953
2017-11-15T22:59:51.932747Z  link to mila start found
2017-11-15T22:59:51.932760Z  link to mila end found
2017-11-15T22:59:51.932778Z  link to mila found: https://www.mila.com/loginWithPW/b1489764?next=/friendservicecalls/115542
2017-11-15T22:59:51.932791Z  file: 1510743789719365
2017-11-15T22:59:51.932855Z  link to mila start found
2017-11-15T22:59:51.932888Z  link to mila end found
2017-11-15T22:59:51.932908Z  link to mila found: https://www.mila.com/loginWithPW/3a9d44fe?next=/friendservicecalls/117368
2017-11-15T22:59:51.932949Z  file: 1510735845266477
2017-11-15T22:59:51.933004Z  link to mila start found
2017-11-15T22:59:51.933032Z  link to mila end found
2017-11-15T22:59:51.933063Z  link to mila found: https://www.mila.com/loginWithPW/926389f6?next=/friendservicecalls/115542
2017-11-15T22:59:51.933076Z  file: 1510659898627478
2017-11-15T22:59:51.933118Z  link to mila start found
2017-11-15T22:59:51.933133Z  link to mila end found
2017-11-15T22:59:51.933150Z  link to mila found: https://www.mila.com/loginWithPW/926389f6?next=/friendservicecalls/116932
2017-11-15T23:03:23.959719Z  mila_find_emaillink_ok
2017-11-15T23:03:23.963395Z  file: 1510639489202562
2017-11-15T23:03:23.963502Z  link to mila start found
2017-11-15T23:03:23.963532Z  link to mila end found
2017-11-15T23:03:23.963551Z  link to mila found: https://www.mila.com/loginWithPW/926389f6?next=/friendservicecalls/116757
2017-11-15T23:03:23.963568Z  file: 1510676880564945
2017-11-15T23:03:23.963608Z  link to mila start found
2017-11-15T23:03:23.963621Z  link to mila end found
2017-11-15T23:03:23.963637Z  link to mila found: https://www.mila.com/loginWithPW/926389f6?next=/friendservicecalls/117134
2017-11-15T23:03:23.963649Z  file: 1510769027216140
2017-11-15T23:03:23.963689Z  link to mila start found
2017-11-15T23:03:23.963704Z  link to mila end found
2017-11-15T23:03:23.963728Z  link to mila found: https://www.mila.com/loginWithPW/c6f77a0f?next=/friendservicecalls/115542
2017-11-15T23:03:23.963741Z  file: 1510743418933235
2017-11-15T23:03:23.963785Z  link to mila start found
2017-11-15T23:03:23.963797Z  link to mila end found
2017-11-15T23:03:23.963812Z  link to mila found: https://www.mila.com/loginWithPW/3a9d44fe?next=/friendservicecalls/117368
2017-11-15T23:03:23.963824Z  file: 1510735845271567
2017-11-15T23:03:23.963869Z  link to mila start found
2017-11-15T23:03:23.963881Z  link to mila end found
2017-11-15T23:03:23.963898Z  link to mila found: https://www.mila.com/loginWithPW/50360217?next=/friendservicecalls/115542
2017-11-15T23:03:23.963910Z  file: 1510769028009953
2017-11-15T23:03:23.963945Z  link to mila start found
2017-11-15T23:03:23.963966Z  link to mila end found
2017-11-15T23:03:23.964004Z  link to mila found: https://www.mila.com/loginWithPW/b1489764?next=/friendservicecalls/115542
2017-11-15T23:03:23.964019Z  file: 1510743789719365
2017-11-15T23:03:23.964074Z  link to mila start found
2017-11-15T23:03:23.964111Z  link to mila end found
2017-11-15T23:03:23.964136Z  link to mila found: https://www.mila.com/loginWithPW/3a9d44fe?next=/friendservicecalls/117368
2017-11-15T23:03:23.964151Z  file: 1510735845266477
2017-11-15T23:03:23.964189Z  link to mila start found
2017-11-15T23:03:23.964201Z  link to mila end found
2017-11-15T23:03:23.964227Z  link to mila found: https://www.mila.com/loginWithPW/926389f6?next=/friendservicecalls/115542
2017-11-15T23:03:23.964250Z  file: 1510659898627478
2017-11-15T23:03:23.964291Z  link to mila start found
2017-11-15T23:03:23.964303Z  link to mila end found
2017-11-15T23:03:23.964319Z  link to mila found: https://www.mila.com/loginWithPW/926389f6?next=/friendservicecalls/116932
2017-11-15T23:03:23.964377Z  file: 1510567513586275
2017-11-15T23:03:23.964431Z  file: 1510716471690746
2017-11-15T23:03:23.964483Z  file: 1510722091068754
2017-11-15T23:03:23.964524Z  file: 1510674718844064
2017-11-15T23:03:23.964554Z  file: 1510550821802089
2017-11-15T23:03:23.964583Z  file: 1510722143284345
2017-11-15T23:03:23.964615Z  file: 1510716449415690
2017-11-15T23:03:23.964646Z  file: 1510743758921111
2017-11-15T23:03:23.964675Z  file: 1510759047191323
2017-11-15T23:03:23.964705Z  file: 1510576923796592
2017-11-15T23:03:23.964734Z  file: 1510635687954659
2017-11-15T23:03:23.964764Z  file: 1510759945714131
2017-11-15T23:03:23.964803Z  file: 1510567480675924
2017-11-15T23:03:23.964837Z  file: 1510654819664854
2017-11-15T23:03:23.964866Z  file: 1510743653680880
2017-11-15T23:03:23.964896Z  file: 1510674656438508
2017-11-15T23:03:23.964926Z  file: 1510716350194860
2017-11-15T23:03:38.987671Z  mila_find_emaillink_ok
2017-11-15T23:03:38.991664Z  file: 1510639489202562
2017-11-15T23:03:38.991853Z  link to mila start found
2017-11-15T23:03:38.991879Z  link to mila end found
2017-11-15T23:03:38.991899Z  link to mila found: https://www.mila.com/loginWithPW/926389f6?next=/friendservicecalls/116757
2017-11-15T23:03:38.991919Z  file: 1510676880564945
2017-11-15T23:03:38.992082Z  link to mila start found
2017-11-15T23:03:38.992103Z  link to mila end found
2017-11-15T23:03:38.992121Z  link to mila found: https://www.mila.com/loginWithPW/926389f6?next=/friendservicecalls/117134
2017-11-15T23:03:38.992135Z  file: 1510769027216140
2017-11-15T23:03:38.992245Z  link to mila start found
2017-11-15T23:03:38.992264Z  link to mila end found
2017-11-15T23:03:38.992281Z  link to mila found: https://www.mila.com/loginWithPW/c6f77a0f?next=/friendservicecalls/115542
2017-11-15T23:03:38.992305Z  file: 1510743418933235
2017-11-15T23:03:38.992412Z  link to mila start found
2017-11-15T23:03:38.992443Z  link to mila end found
2017-11-15T23:03:38.992459Z  link to mila found: https://www.mila.com/loginWithPW/3a9d44fe?next=/friendservicecalls/117368
2017-11-15T23:03:38.992472Z  file: 1510735845271567
2017-11-15T23:03:38.992555Z  link to mila start found
2017-11-15T23:03:38.992572Z  link to mila end found
2017-11-15T23:03:38.992589Z  link to mila found: https://www.mila.com/loginWithPW/50360217?next=/friendservicecalls/115542
2017-11-15T23:03:38.992601Z  file: 1510769028009953
2017-11-15T23:03:38.992684Z  link to mila start found
2017-11-15T23:03:38.992702Z  link to mila end found
2017-11-15T23:03:38.992720Z  link to mila found: https://www.mila.com/loginWithPW/b1489764?next=/friendservicecalls/115542
2017-11-15T23:03:38.992741Z  file: 1510743789719365
2017-11-15T23:03:38.992845Z  link to mila start found
2017-11-15T23:03:38.992881Z  link to mila end found
2017-11-15T23:03:38.992899Z  link to mila found: https://www.mila.com/loginWithPW/3a9d44fe?next=/friendservicecalls/117368
2017-11-15T23:03:38.992916Z  file: 1510735845266477
2017-11-15T23:03:38.993004Z  link to mila start found
2017-11-15T23:03:38.993022Z  link to mila end found
2017-11-15T23:03:38.993048Z  link to mila found: https://www.mila.com/loginWithPW/926389f6?next=/friendservicecalls/115542
2017-11-15T23:03:38.993073Z  file: 1510659898627478
2017-11-15T23:03:38.993155Z  link to mila start found
2017-11-15T23:03:38.993171Z  link to mila end found
2017-11-15T23:03:38.993188Z  link to mila found: https://www.mila.com/loginWithPW/926389f6?next=/friendservicecalls/116932
2017-11-15T23:03:38.993289Z  file: 1510567513586275
2017-11-15T23:03:38.993472Z  afficher sur le web not found
2017-11-15T23:03:38.993497Z  file: 1510716471690746
2017-11-15T23:03:38.993642Z  afficher sur le web not found
2017-11-15T23:03:38.993663Z  file: 1510722091068754
2017-11-15T23:03:38.993763Z  afficher sur le web not found
2017-11-15T23:03:38.993794Z  file: 1510674718844064
2017-11-15T23:03:38.994456Z  afficher sur le web not found
2017-11-15T23:03:38.994542Z  file: 1510550821802089
2017-11-15T23:03:38.994643Z  afficher sur le web not found
2017-11-15T23:03:38.994664Z  file: 1510722143284345
2017-11-15T23:03:38.994756Z  afficher sur le web not found
2017-11-15T23:03:38.994774Z  file: 1510716449415690
2017-11-15T23:03:38.994878Z  afficher sur le web not found
2017-11-15T23:03:38.994897Z  file: 1510743758921111
2017-11-15T23:03:38.994990Z  afficher sur le web not found
2017-11-15T23:03:38.995009Z  file: 1510759047191323
2017-11-15T23:03:38.995532Z  afficher sur le web not found
2017-11-15T23:03:38.995568Z  file: 1510576923796592
2017-11-15T23:03:38.995670Z  afficher sur le web not found
2017-11-15T23:03:38.995697Z  file: 1510635687954659
2017-11-15T23:03:38.995788Z  afficher sur le web not found
2017-11-15T23:03:38.995807Z  file: 1510759945714131
2017-11-15T23:03:38.995908Z  afficher sur le web not found
2017-11-15T23:03:38.995926Z  file: 1510567480675924
2017-11-15T23:03:38.996070Z  afficher sur le web not found
2017-11-15T23:03:38.996089Z  file: 1510654819664854
2017-11-15T23:03:38.996422Z  afficher sur le web not found
2017-11-15T23:03:38.996462Z  file: 1510743653680880
2017-11-15T23:03:38.996566Z  afficher sur le web not found
2017-11-15T23:03:38.996600Z  file: 1510674656438508
2017-11-15T23:03:38.996896Z  afficher sur le web not found
2017-11-15T23:03:38.996928Z  file: 1510716350194860
2017-11-15T23:03:38.997015Z  afficher sur le web not found
2017-11-15T23:04:07.732501Z  mila_find_emaillink_ok
2017-11-15T23:04:07.736319Z  file: 1510639489202562
2017-11-15T23:04:07.736448Z  link to mila start found
2017-11-15T23:04:07.736469Z  link to mila end found
2017-11-15T23:04:07.736488Z  link to mila found: https://www.mila.com/loginWithPW/926389f6?next=/friendservicecalls/116757
2017-11-15T23:04:07.736505Z  file: 1510676880564945
2017-11-15T23:04:07.736549Z  link to mila start found
2017-11-15T23:04:07.736560Z  link to mila end found
2017-11-15T23:04:07.736576Z  link to mila found: https://www.mila.com/loginWithPW/926389f6?next=/friendservicecalls/117134
2017-11-15T23:04:07.736592Z  file: 1510769027216140
2017-11-15T23:04:07.736638Z  link to mila start found
2017-11-15T23:04:07.736649Z  link to mila end found
2017-11-15T23:04:07.736665Z  link to mila found: https://www.mila.com/loginWithPW/c6f77a0f?next=/friendservicecalls/115542
2017-11-15T23:04:07.736677Z  file: 1510743418933235
2017-11-15T23:04:07.736703Z  link to mila start found
2017-11-15T23:04:07.736714Z  link to mila end found
2017-11-15T23:04:07.736730Z  link to mila found: https://www.mila.com/loginWithPW/3a9d44fe?next=/friendservicecalls/117368
2017-11-15T23:04:07.736741Z  file: 1510735845271567
2017-11-15T23:04:07.736777Z  link to mila start found
2017-11-15T23:04:07.736787Z  link to mila end found
2017-11-15T23:04:07.736802Z  link to mila found: https://www.mila.com/loginWithPW/50360217?next=/friendservicecalls/115542
2017-11-15T23:04:07.736814Z  file: 1510769028009953
2017-11-15T23:04:07.736841Z  link to mila start found
2017-11-15T23:04:07.736852Z  link to mila end found
2017-11-15T23:04:07.736868Z  link to mila found: https://www.mila.com/loginWithPW/b1489764?next=/friendservicecalls/115542
2017-11-15T23:04:07.736879Z  file: 1510743789719365
2017-11-15T23:04:07.736932Z  link to mila start found
2017-11-15T23:04:07.736959Z  link to mila end found
2017-11-15T23:04:07.736976Z  link to mila found: https://www.mila.com/loginWithPW/3a9d44fe?next=/friendservicecalls/117368
2017-11-15T23:04:07.737000Z  file: 1510735845266477
2017-11-15T23:04:07.737046Z  link to mila start found
2017-11-15T23:04:07.737057Z  link to mila end found
2017-11-15T23:04:07.737078Z  link to mila found: https://www.mila.com/loginWithPW/926389f6?next=/friendservicecalls/115542
2017-11-15T23:04:07.737100Z  file: 1510659898627478
2017-11-15T23:04:07.737138Z  link to mila start found
2017-11-15T23:04:07.737152Z  link to mila end found
2017-11-15T23:04:07.737167Z  link to mila found: https://www.mila.com/loginWithPW/926389f6?next=/friendservicecalls/116932
2017-11-15T23:04:07.737259Z  file: 1510567513586275
2017-11-15T23:04:07.737352Z  afficher sur le web not found
2017-11-15T23:04:07.737382Z  file: 1510716471690746
2017-11-15T23:04:07.737413Z  afficher sur le web not found
2017-11-15T23:04:07.737426Z  file: 1510722091068754
2017-11-15T23:04:07.737459Z  afficher sur le web not found
2017-11-15T23:04:07.737471Z  file: 1510674718844064
2017-11-15T23:04:07.738165Z  afficher sur le web not found
2017-11-15T23:04:07.738228Z  file: 1510550821802089
2017-11-15T23:04:07.738275Z  afficher sur le web not found
2017-11-15T23:04:07.738300Z  file: 1510722143284345
2017-11-15T23:04:07.738341Z  afficher sur le web not found
2017-11-15T23:04:07.738354Z  file: 1510716449415690
2017-11-15T23:04:07.738405Z  afficher sur le web not found
2017-11-15T23:04:07.738417Z  file: 1510743758921111
2017-11-15T23:04:07.738447Z  afficher sur le web not found
2017-11-15T23:04:07.738459Z  file: 1510759047191323
2017-11-15T23:04:07.738897Z  afficher sur le web not found
2017-11-15T23:04:07.738916Z  file: 1510576923796592
2017-11-15T23:04:07.738954Z  afficher sur le web not found
2017-11-15T23:04:07.738966Z  file: 1510635687954659
2017-11-15T23:04:07.739027Z  afficher sur le web not found
2017-11-15T23:04:07.739043Z  file: 1510759945714131
2017-11-15T23:04:07.739069Z  afficher sur le web not found
2017-11-15T23:04:07.739081Z  file: 1510567480675924
2017-11-15T23:04:07.739120Z  afficher sur le web not found
2017-11-15T23:04:07.739150Z  file: 1510654819664854
2017-11-15T23:04:07.739433Z  afficher sur le web not found
2017-11-15T23:04:07.739450Z  file: 1510743653680880
2017-11-15T23:04:07.739478Z  afficher sur le web not found
2017-11-15T23:04:07.739491Z  file: 1510674656438508
2017-11-15T23:04:07.739711Z  afficher sur le web not found
2017-11-15T23:04:07.739738Z  file: 1510716350194860
2017-11-15T23:04:07.739764Z  afficher sur le web not found
2017-11-15T23:04:14.191160Z  Test 5
2017-11-15T23:04:14.195001Z  
email_ok
2017-11-15T23:04:14.327031Z  
mila_accept_ok
2017-11-15T23:04:14.330079Z  mila_accept
2017-11-15T23:04:14.330110Z  mila_accept() start not found
2017-11-15T23:04:14.330121Z  No new order pending
2017-11-15T23:04:14.330877Z  mila_accept
2017-11-15T23:04:14.330899Z  Nouvelles demandes
2017-11-15T23:04:14.331134Z  curl_easy_setopt
2017-11-15T23:04:14.331156Z  curl_easy_setopt ok
2017-11-15T23:04:14.331341Z  orderid: 110943
2017-11-15T23:04:14.331366Z  csrf: jLnrBq2HcsROMJdXms1E7G1DCGr6+JvYWc19k=
2017-11-15T23:04:14.331383Z  post: _csrf=jLnrBq2HcsROMJdXms1E7G1DCGr6%2BJvYWc19k%3D
2017-11-15T23:04:14.331397Z  postlen: 48
2017-11-15T23:04:14.331407Z  https://www.mila.com/friendaccept/110943
2017-11-15T23:04:14.347574Z  mila_accept() error
2017-11-15T23:04:14.347914Z  mila_accept
2017-11-15T23:04:14.347955Z  Nouvelles demandes
2017-11-15T23:04:14.348206Z  curl_easy_setopt
2017-11-15T23:04:14.348227Z  curl_easy_setopt ok
2017-11-15T23:04:14.348358Z  orderid: 111107
2017-11-15T23:04:14.348380Z  csrf: fPdtnFWEDsdKuzRXfzmoIZTaXk9Ou1YIlBChE=
2017-11-15T23:04:14.348399Z  post: _csrf=fPdtnFWEDsdKuzRXfzmoIZTaXk9Ou1YIlBChE%3D
2017-11-15T23:04:14.348411Z  postlen: 46
2017-11-15T23:04:14.348423Z  https://www.mila.com/friendaccept/111107
2017-11-15T23:04:14.389652Z  mila_accept() error
2017-11-15T23:04:14.390414Z  mila_accept
2017-11-15T23:04:14.390443Z  Nouvelles demandes
2017-11-15T23:04:14.390633Z  curl_easy_setopt
2017-11-15T23:04:14.390647Z  curl_easy_setopt ok
2017-11-15T23:04:14.390800Z  orderid: 111313
2017-11-15T23:04:14.390820Z  csrf: XxjQq4URzyT1ezbF2fog1U7isiXcnFXFppKNI=
2017-11-15T23:04:14.390835Z  post: _csrf=XxjQq4URzyT1ezbF2fog1U7isiXcnFXFppKNI%3D
2017-11-15T23:04:14.390849Z  postlen: 46
2017-11-15T23:04:14.390859Z  https://www.mila.com/friendaccept/111313
2017-11-15T23:04:14.411343Z  mila_accept() error
2017-11-15T23:04:14.411592Z  mila_accept
2017-11-15T23:04:14.411610Z  Nouvelles demandes
2017-11-15T23:04:14.411804Z  curl_easy_setopt
2017-11-15T23:04:14.411829Z  curl_easy_setopt ok
2017-11-15T23:04:14.411957Z  orderid: 110943
2017-11-15T23:04:14.412002Z  csrf: jLnrBq2HcsROMJdXms1E7G1DCGr6+JvYWc19k=
2017-11-15T23:04:14.412028Z  post: _csrf=jLnrBq2HcsROMJdXms1E7G1DCGr6%2BJvYWc19k%3D
2017-11-15T23:04:14.412038Z  postlen: 48
2017-11-15T23:04:14.412047Z  https://www.mila.com/friendaccept/110943
2017-11-15T23:04:14.427146Z  mila_accept() error
2017-11-15T23:04:14.427383Z  mila_accept
2017-11-15T23:04:14.427405Z  Nouvelles demandes
2017-11-15T23:04:14.427572Z  curl_easy_setopt
2017-11-15T23:04:14.427587Z  curl_easy_setopt ok
2017-11-15T23:04:14.427682Z  orderid: 110919
2017-11-15T23:04:14.427696Z  csrf: I5n00d8HPqCOOVeaLbgkQb3rBieyi4P/1lDIs=
2017-11-15T23:04:14.427710Z  post: _csrf=I5n00d8HPqCOOVeaLbgkQb3rBieyi4P%2F1lDIs%3D
2017-11-15T23:04:14.427718Z  postlen: 48
2017-11-15T23:04:14.427727Z  https://www.mila.com/friendaccept/110919
2017-11-15T23:04:14.443022Z  mila_accept() error
2017-11-15T23:04:14.443555Z  mila_accept
2017-11-15T23:04:14.443678Z  mila_accept() start not found
2017-11-15T23:04:14.443705Z  No new order pending
2017-11-15T23:04:14.447446Z  mila_find_emaillink_ok
2017-11-15T23:04:14.453768Z  file: 1510639489202562
2017-11-15T23:04:14.453820Z  link to mila start found
2017-11-15T23:04:14.453833Z  link to mila end found
2017-11-15T23:04:14.453860Z  link to mila found: https://www.mila.com/loginWithPW/926389f6?next=/friendservicecalls/116757
2017-11-15T23:04:14.453875Z  file: 1510676880564945
2017-11-15T23:04:14.453895Z  link to mila start found
2017-11-15T23:04:14.453905Z  link to mila end found
2017-11-15T23:04:14.453921Z  link to mila found: https://www.mila.com/loginWithPW/926389f6?next=/friendservicecalls/117134
2017-11-15T23:04:14.453936Z  file: 1510769027216140
2017-11-15T23:04:14.453961Z  link to mila start found
2017-11-15T23:04:14.453969Z  link to mila end found
2017-11-15T23:04:14.453979Z  link to mila found: https://www.mila.com/loginWithPW/c6f77a0f?next=/friendservicecalls/115542
2017-11-15T23:04:14.453987Z  file: 1510743418933235
2017-11-15T23:04:14.454006Z  link to mila start found
2017-11-15T23:04:14.454013Z  link to mila end found
2017-11-15T23:04:14.454023Z  link to mila found: https://www.mila.com/loginWithPW/3a9d44fe?next=/friendservicecalls/117368
2017-11-15T23:04:14.454031Z  file: 1510735845271567
2017-11-15T23:04:14.454060Z  link to mila start found
2017-11-15T23:04:14.454067Z  link to mila end found
2017-11-15T23:04:14.454077Z  link to mila found: https://www.mila.com/loginWithPW/50360217?next=/friendservicecalls/115542
2017-11-15T23:04:14.454086Z  file: 1510769028009953
2017-11-15T23:04:14.454105Z  link to mila start found
2017-11-15T23:04:14.454113Z  link to mila end found
2017-11-15T23:04:14.454124Z  link to mila found: https://www.mila.com/loginWithPW/b1489764?next=/friendservicecalls/115542
2017-11-15T23:04:14.454132Z  file: 1510743789719365
2017-11-15T23:04:14.454167Z  link to mila start found
2017-11-15T23:04:14.454178Z  link to mila end found
2017-11-15T23:04:14.454188Z  link to mila found: https://www.mila.com/loginWithPW/3a9d44fe?next=/friendservicecalls/117368
2017-11-15T23:04:14.454203Z  file: 1510735845266477
2017-11-15T23:04:14.454224Z  link to mila start found
2017-11-15T23:04:14.454232Z  link to mila end found
2017-11-15T23:04:14.454241Z  link to mila found: https://www.mila.com/loginWithPW/926389f6?next=/friendservicecalls/115542
2017-11-15T23:04:14.454249Z  file: 1510659898627478
2017-11-15T23:04:14.454268Z  link to mila start found
2017-11-15T23:04:14.454275Z  link to mila end found
2017-11-15T23:04:14.454285Z  link to mila found: https://www.mila.com/loginWithPW/926389f6?next=/friendservicecalls/116932
2017-11-15T23:04:14.454324Z  file: 1510567513586275
2017-11-15T23:04:14.454376Z  afficher sur le web not found
2017-11-15T23:04:14.454388Z  file: 1510716471690746
2017-11-15T23:04:14.454406Z  afficher sur le web not found
2017-11-15T23:04:14.454414Z  file: 1510722091068754
2017-11-15T23:04:14.454433Z  afficher sur le web not found
2017-11-15T23:04:14.454454Z  file: 1510674718844064
2017-11-15T23:04:14.454855Z  afficher sur le web not found
2017-11-15T23:04:14.454899Z  file: 1510550821802089
2017-11-15T23:04:14.454922Z  afficher sur le web not found
2017-11-15T23:04:14.454937Z  file: 1510722143284345
2017-11-15T23:04:14.454977Z  afficher sur le web not found
2017-11-15T23:04:14.454987Z  file: 1510716449415690
2017-11-15T23:04:14.455008Z  afficher sur le web not found
2017-11-15T23:04:14.455016Z  file: 1510743758921111
2017-11-15T23:04:14.455048Z  afficher sur le web not found
2017-11-15T23:04:14.455056Z  file: 1510759047191323
2017-11-15T23:04:14.455317Z  afficher sur le web not found
2017-11-15T23:04:14.455330Z  file: 1510576923796592
2017-11-15T23:04:14.455351Z  afficher sur le web not found
2017-11-15T23:04:14.455358Z  file: 1510635687954659
2017-11-15T23:04:14.455378Z  afficher sur le web not found
2017-11-15T23:04:14.455386Z  file: 1510759945714131
2017-11-15T23:04:14.455416Z  afficher sur le web not found
2017-11-15T23:04:14.455424Z  file: 1510567480675924
2017-11-15T23:04:14.455442Z  afficher sur le web not found
2017-11-15T23:04:14.455450Z  file: 1510654819664854
2017-11-15T23:04:14.455613Z  afficher sur le web not found
2017-11-15T23:04:14.455635Z  file: 1510743653680880
2017-11-15T23:04:14.455655Z  afficher sur le web not found
2017-11-15T23:04:14.455663Z  file: 1510674656438508
2017-11-15T23:04:14.455837Z  afficher sur le web not found
2017-11-15T23:04:14.455869Z  file: 1510716350194860
2017-11-15T23:04:14.455888Z  afficher sur le web not found
2017-11-15T23:04:14.459327Z  
mila_ok
2017-11-15T23:04:14.459386Z  mila_init profile 0
2017-11-15T23:04:14.461420Z  mila_init profile 1
2017-11-15T23:04:14.461457Z  mila_init profile 2
2017-11-15T23:04:14.461480Z  mila_init profile 3
2017-11-15T23:04:14.461753Z  mila_init profile 4
2017-11-15T23:04:14.461776Z  mila_init profile 5
2017-11-15T23:04:14.461810Z  mila_init profile 6
2017-11-15T23:04:14.461831Z  mila_init profile 7
2017-11-15T23:04:14.461859Z  mila_init profile 8
2017-11-15T23:04:14.461889Z  mila_init profile 9
2017-11-15T23:04:14.461917Z  mila_init profile 10
2017-11-15T23:04:14.462086Z  afficher sur le web not found
2017-11-15T23:04:14.462109Z  link to mila not found
2017-11-15T23:04:14.462131Z  Forwarding email
2017-11-15T23:04:14.488321Z  system returned : 0
2017-11-15T23:04:14.488366Z  Mila end
2017-11-15T23:04:14.488450Z  afficher sur le web not found
2017-11-15T23:04:14.488477Z  link to mila not found
2017-11-15T23:04:14.488493Z  Forwarding email
2017-11-15T23:04:14.503836Z  system returned : 0
2017-11-15T23:04:14.503887Z  Mila end
2017-11-15T23:10:29.374658Z  Test 5
2017-11-15T23:10:29.379051Z  
email_ok
2017-11-15T23:10:29.529827Z  
mila_accept_ok
2017-11-15T23:10:29.532183Z  mila_accept
2017-11-15T23:10:29.532230Z  mila_accept() start not found
2017-11-15T23:10:29.532249Z  No new order pending
2017-11-15T23:10:29.532950Z  mila_accept
2017-11-15T23:10:29.532980Z  Nouvelles demandes
2017-11-15T23:10:29.533153Z  curl_easy_setopt
2017-11-15T23:10:29.533170Z  curl_easy_setopt ok
2017-11-15T23:10:29.533268Z  orderid: 110943
2017-11-15T23:10:29.533294Z  csrf: jLnrBq2HcsROMJdXms1E7G1DCGr6+JvYWc19k=
2017-11-15T23:10:29.533317Z  post: _csrf=jLnrBq2HcsROMJdXms1E7G1DCGr6%2BJvYWc19k%3D
2017-11-15T23:10:29.533328Z  postlen: 48
2017-11-15T23:10:29.533335Z  https://www.mila.com/friendaccept/110943
2017-11-15T23:10:29.551638Z  mila_accept() error
2017-11-15T23:10:29.551989Z  mila_accept
2017-11-15T23:10:29.552014Z  Nouvelles demandes
2017-11-15T23:10:29.552222Z  curl_easy_setopt
2017-11-15T23:10:29.552238Z  curl_easy_setopt ok
2017-11-15T23:10:29.552406Z  orderid: 111107
2017-11-15T23:10:29.552429Z  csrf: fPdtnFWEDsdKuzRXfzmoIZTaXk9Ou1YIlBChE=
2017-11-15T23:10:29.552455Z  post: _csrf=fPdtnFWEDsdKuzRXfzmoIZTaXk9Ou1YIlBChE%3D
2017-11-15T23:10:29.552466Z  postlen: 46
2017-11-15T23:10:29.552478Z  https://www.mila.com/friendaccept/111107
2017-11-15T23:10:29.584152Z  mila_accept() error
2017-11-15T23:10:29.585014Z  mila_accept
2017-11-15T23:10:29.585037Z  Nouvelles demandes
2017-11-15T23:10:29.585227Z  curl_easy_setopt
2017-11-15T23:10:29.585239Z  curl_easy_setopt ok
2017-11-15T23:10:29.585371Z  orderid: 111313
2017-11-15T23:10:29.585401Z  csrf: XxjQq4URzyT1ezbF2fog1U7isiXcnFXFppKNI=
2017-11-15T23:10:29.585416Z  post: _csrf=XxjQq4URzyT1ezbF2fog1U7isiXcnFXFppKNI%3D
2017-11-15T23:10:29.585426Z  postlen: 46
2017-11-15T23:10:29.585435Z  https://www.mila.com/friendaccept/111313
2017-11-15T23:10:29.604580Z  mila_accept() error
2017-11-15T23:10:29.604864Z  mila_accept
2017-11-15T23:10:29.604894Z  Nouvelles demandes
2017-11-15T23:10:29.605049Z  curl_easy_setopt
2017-11-15T23:10:29.605060Z  curl_easy_setopt ok
2017-11-15T23:10:29.605197Z  orderid: 110943
2017-11-15T23:10:29.605239Z  csrf: jLnrBq2HcsROMJdXms1E7G1DCGr6+JvYWc19k=
2017-11-15T23:10:29.605253Z  post: _csrf=jLnrBq2HcsROMJdXms1E7G1DCGr6%2BJvYWc19k%3D
2017-11-15T23:10:29.605275Z  postlen: 48
2017-11-15T23:10:29.605283Z  https://www.mila.com/friendaccept/110943
2017-11-15T23:10:29.619390Z  mila_accept() error
2017-11-15T23:10:29.619651Z  mila_accept
2017-11-15T23:10:29.619669Z  Nouvelles demandes
2017-11-15T23:10:29.619842Z  curl_easy_setopt
2017-11-15T23:10:29.619858Z  curl_easy_setopt ok
2017-11-15T23:10:29.619968Z  orderid: 110919
2017-11-15T23:10:29.619985Z  csrf: I5n00d8HPqCOOVeaLbgkQb3rBieyi4P/1lDIs=
2017-11-15T23:10:29.619998Z  post: _csrf=I5n00d8HPqCOOVeaLbgkQb3rBieyi4P%2F1lDIs%3D
2017-11-15T23:10:29.620006Z  postlen: 48
2017-11-15T23:10:29.620033Z  https://www.mila.com/friendaccept/110919
2017-11-15T23:10:29.635689Z  mila_accept() error
2017-11-15T23:10:29.636321Z  mila_accept
2017-11-15T23:10:29.636506Z  mila_accept() start not found
2017-11-15T23:10:29.636516Z  No new order pending
2017-11-15T23:10:29.640913Z  mila_find_emaillink_ok
2017-11-15T23:10:29.643338Z  file: 1510639489202562
2017-11-15T23:10:29.643399Z  link to mila start found
2017-11-15T23:10:29.643424Z  link to mila end found
2017-11-15T23:10:29.643436Z  link to mila found: https://www.mila.com/loginWithPW/926389f6?next=/friendservicecalls/116757
2017-11-15T23:10:29.643448Z  file: 1510676880564945
2017-11-15T23:10:29.643468Z  link to mila start found
2017-11-15T23:10:29.643476Z  link to mila end found
2017-11-15T23:10:29.643486Z  link to mila found: https://www.mila.com/loginWithPW/926389f6?next=/friendservicecalls/117134
2017-11-15T23:10:29.643495Z  file: 1510769027216140
2017-11-15T23:10:29.643514Z  link to mila start found
2017-11-15T23:10:29.643523Z  link to mila end found
2017-11-15T23:10:29.643533Z  link to mila found: https://www.mila.com/loginWithPW/c6f77a0f?next=/friendservicecalls/115542
2017-11-15T23:10:29.643542Z  file: 1510743418933235
2017-11-15T23:10:29.643561Z  link to mila start found
2017-11-15T23:10:29.643569Z  link to mila end found
2017-11-15T23:10:29.643579Z  link to mila found: https://www.mila.com/loginWithPW/3a9d44fe?next=/friendservicecalls/117368
2017-11-15T23:10:29.643588Z  file: 1510735845271567
2017-11-15T23:10:29.643609Z  link to mila start found
2017-11-15T23:10:29.643617Z  link to mila end found
2017-11-15T23:10:29.643628Z  link to mila found: https://www.mila.com/loginWithPW/50360217?next=/friendservicecalls/115542
2017-11-15T23:10:29.643646Z  file: 1510769028009953
2017-11-15T23:10:29.643671Z  link to mila start found
2017-11-15T23:10:29.643678Z  link to mila end found
2017-11-15T23:10:29.643689Z  link to mila found: https://www.mila.com/loginWithPW/b1489764?next=/friendservicecalls/115542
2017-11-15T23:10:29.643697Z  file: 1510743789719365
2017-11-15T23:10:29.643743Z  link to mila start found
2017-11-15T23:10:29.643755Z  link to mila end found
2017-11-15T23:10:29.643766Z  link to mila found: https://www.mila.com/loginWithPW/3a9d44fe?next=/friendservicecalls/117368
2017-11-15T23:10:29.643780Z  file: 1510735845266477
2017-11-15T23:10:29.643803Z  link to mila start found
2017-11-15T23:10:29.643811Z  link to mila end found
2017-11-15T23:10:29.643821Z  link to mila found: https://www.mila.com/loginWithPW/926389f6?next=/friendservicecalls/115542
2017-11-15T23:10:29.643830Z  file: 1510659898627478
2017-11-15T23:10:29.643851Z  link to mila start found
2017-11-15T23:10:29.643870Z  link to mila end found
2017-11-15T23:10:29.643901Z  link to mila found: https://www.mila.com/loginWithPW/926389f6?next=/friendservicecalls/116932
2017-11-15T23:10:29.643951Z  file: 1510567513586275
2017-11-15T23:10:29.644034Z  afficher sur le web not found
2017-11-15T23:10:29.644047Z  file: 1510716471690746
2017-11-15T23:10:29.644066Z  afficher sur le web not found
2017-11-15T23:10:29.644075Z  file: 1510722091068754
2017-11-15T23:10:29.644096Z  afficher sur le web not found
2017-11-15T23:10:29.644105Z  file: 1510674718844064
2017-11-15T23:10:29.644596Z  afficher sur le web not found
2017-11-15T23:10:29.644632Z  file: 1510550821802089
2017-11-15T23:10:29.644657Z  afficher sur le web not found
2017-11-15T23:10:29.644667Z  file: 1510722143284345
2017-11-15T23:10:29.644689Z  afficher sur le web not found
2017-11-15T23:10:29.644697Z  file: 1510716449415690
2017-11-15T23:10:29.644731Z  afficher sur le web not found
2017-11-15T23:10:29.644740Z  file: 1510743758921111
2017-11-15T23:10:29.644761Z  afficher sur le web not found
2017-11-15T23:10:29.644781Z  file: 1510759047191323
2017-11-15T23:10:29.645138Z  afficher sur le web not found
2017-11-15T23:10:29.645150Z  file: 1510576923796592
2017-11-15T23:10:29.645173Z  afficher sur le web not found
2017-11-15T23:10:29.645181Z  file: 1510635687954659
2017-11-15T23:10:29.645202Z  afficher sur le web not found
2017-11-15T23:10:29.645213Z  file: 1510759945714131
2017-11-15T23:10:29.645247Z  afficher sur le web not found
2017-11-15T23:10:29.645257Z  file: 1510567480675924
2017-11-15T23:10:29.645286Z  afficher sur le web not found
2017-11-15T23:10:29.645306Z  file: 1510654819664854
2017-11-15T23:10:29.645489Z  afficher sur le web not found
2017-11-15T23:10:29.645551Z  file: 1510743653680880
2017-11-15T23:10:29.645578Z  afficher sur le web not found
2017-11-15T23:10:29.645587Z  file: 1510674656438508
2017-11-15T23:10:29.645739Z  afficher sur le web not found
2017-11-15T23:10:29.645751Z  file: 1510716350194860
2017-11-15T23:10:29.645784Z  afficher sur le web not found
2017-11-15T23:10:29.649150Z  
mila_ok
2017-11-15T23:10:29.649396Z  mila_init profile 0
2017-11-15T23:10:29.652398Z  mila_init profile 1
2017-11-15T23:10:29.652439Z  mila_init profile 2
2017-11-15T23:10:29.652462Z  mila_init profile 3
2017-11-15T23:10:29.652507Z  mila_init profile 4
2017-11-15T23:10:29.652527Z  mila_init profile 5
2017-11-15T23:10:29.652560Z  mila_init profile 6
2017-11-15T23:10:29.652591Z  mila_init profile 7
2017-11-15T23:10:29.652621Z  mila_init profile 8
2017-11-15T23:10:29.652640Z  mila_init profile 9
2017-11-15T23:10:29.652662Z  mila_init profile 10
2017-11-15T23:10:29.652932Z  afficher sur le web not found
2017-11-15T23:10:29.652948Z  link to mila not found
2017-11-15T23:10:29.652964Z  Forwarding email
2017-11-15T23:10:29.676742Z  system returned : 0
2017-11-15T23:10:29.676813Z  Mila end
2017-11-15T23:10:29.676949Z  afficher sur le web not found
2017-11-15T23:10:29.676978Z  link to mila not found
2017-11-15T23:10:29.677005Z  Forwarding email
2017-11-15T23:10:29.703355Z  system returned : 0
2017-11-15T23:10:29.703387Z  Mila end
2017-11-15T23:12:05.987007Z  Test 5
2017-11-15T23:12:05.990607Z  
email_ok
2017-11-15T23:12:06.068118Z  
mila_accept_ok
2017-11-15T23:12:06.071396Z  file: 1510639489202562
2017-11-15T23:12:06.071503Z  mila_accept
2017-11-15T23:12:06.071522Z  mila_accept() start not found
2017-11-15T23:12:06.071533Z  No new order pending
2017-11-15T23:12:06.071544Z  mila_accept
2017-11-15T23:12:06.071554Z  mila_accept() start not found
2017-11-15T23:12:06.071564Z  No new order pending
2017-11-15T23:12:06.076503Z  mila_find_emaillink_ok
2017-11-15T23:12:06.079610Z  file: 1510639489202562
2017-11-15T23:12:06.079672Z  link to mila start found
2017-11-15T23:12:06.079691Z  link to mila end found
2017-11-15T23:12:06.079708Z  link to mila found: https://www.mila.com/loginWithPW/926389f6?next=/friendservicecalls/116757
2017-11-15T23:12:06.079722Z  file: 1510676880564945
2017-11-15T23:12:06.079750Z  link to mila start found
2017-11-15T23:12:06.079762Z  link to mila end found
2017-11-15T23:12:06.079777Z  link to mila found: https://www.mila.com/loginWithPW/926389f6?next=/friendservicecalls/117134
2017-11-15T23:12:06.079788Z  file: 1510769027216140
2017-11-15T23:12:06.079825Z  link to mila start found
2017-11-15T23:12:06.079838Z  link to mila end found
2017-11-15T23:12:06.079863Z  link to mila found: https://www.mila.com/loginWithPW/c6f77a0f?next=/friendservicecalls/115542
2017-11-15T23:12:06.079879Z  file: 1510743418933235
2017-11-15T23:12:06.079904Z  link to mila start found
2017-11-15T23:12:06.079916Z  link to mila end found
2017-11-15T23:12:06.079930Z  link to mila found: https://www.mila.com/loginWithPW/3a9d44fe?next=/friendservicecalls/117368
2017-11-15T23:12:06.079941Z  file: 1510735845271567
2017-11-15T23:12:06.079966Z  link to mila start found
2017-11-15T23:12:06.079977Z  link to mila end found
2017-11-15T23:12:06.080002Z  link to mila found: https://www.mila.com/loginWithPW/50360217?next=/friendservicecalls/115542
2017-11-15T23:12:06.080013Z  file: 1510769028009953
2017-11-15T23:12:06.080039Z  link to mila start found
2017-11-15T23:12:06.080051Z  link to mila end found
2017-11-15T23:12:06.080065Z  link to mila found: https://www.mila.com/loginWithPW/b1489764?next=/friendservicecalls/115542
2017-11-15T23:12:06.080076Z  file: 1510743789719365
2017-11-15T23:12:06.080120Z  link to mila start found
2017-11-15T23:12:06.080136Z  link to mila end found
2017-11-15T23:12:06.080162Z  link to mila found: https://www.mila.com/loginWithPW/3a9d44fe?next=/friendservicecalls/117368
2017-11-15T23:12:06.080209Z  file: 1510735845266477
2017-11-15T23:12:06.080241Z  link to mila start found
2017-11-15T23:12:06.080254Z  link to mila end found
2017-11-15T23:12:06.080269Z  link to mila found: https://www.mila.com/loginWithPW/926389f6?next=/friendservicecalls/115542
2017-11-15T23:12:06.080280Z  file: 1510659898627478
2017-11-15T23:12:06.080310Z  link to mila start found
2017-11-15T23:12:06.080322Z  link to mila end found
2017-11-15T23:12:06.080336Z  link to mila found: https://www.mila.com/loginWithPW/926389f6?next=/friendservicecalls/116932
2017-11-15T23:12:06.080375Z  file: 1510567513586275
2017-11-15T23:12:06.080450Z  afficher sur le web not found
2017-11-15T23:12:06.080468Z  file: 1510716471690746
2017-11-15T23:12:06.080493Z  afficher sur le web not found
2017-11-15T23:12:06.080506Z  file: 1510722091068754
2017-11-15T23:12:06.080533Z  afficher sur le web not found
2017-11-15T23:12:06.080546Z  file: 1510674718844064
2017-11-15T23:12:06.081054Z  afficher sur le web not found
2017-11-15T23:12:06.081104Z  file: 1510550821802089
2017-11-15T23:12:06.081147Z  afficher sur le web not found
2017-11-15T23:12:06.081162Z  file: 1510722143284345
2017-11-15T23:12:06.081189Z  afficher sur le web not found
2017-11-15T23:12:06.081202Z  file: 1510716449415690
2017-11-15T23:12:06.081229Z  afficher sur le web not found
2017-11-15T23:12:06.081243Z  file: 1510743758921111
2017-11-15T23:12:06.081277Z  afficher sur le web not found
2017-11-15T23:12:06.081291Z  file: 1510759047191323
2017-11-15T23:12:06.081717Z  afficher sur le web not found
2017-11-15T23:12:06.081740Z  file: 1510576923796592
2017-11-15T23:12:06.081773Z  afficher sur le web not found
2017-11-15T23:12:06.081786Z  file: 1510635687954659
2017-11-15T23:12:06.081813Z  afficher sur le web not found
2017-11-15T23:12:06.081826Z  file: 1510759945714131
2017-11-15T23:12:06.081850Z  afficher sur le web not found
2017-11-15T23:12:06.081862Z  file: 1510567480675924
2017-11-15T23:12:06.081898Z  afficher sur le web not found
2017-11-15T23:12:06.081921Z  file: 1510654819664854
2017-11-15T23:12:06.082116Z  afficher sur le web not found
2017-11-15T23:12:06.082132Z  file: 1510743653680880
2017-11-15T23:12:06.082159Z  afficher sur le web not found
2017-11-15T23:12:06.082171Z  file: 1510674656438508
2017-11-15T23:12:06.082384Z  afficher sur le web not found
2017-11-15T23:12:06.082401Z  file: 1510716350194860
2017-11-15T23:12:06.082426Z  afficher sur le web not found
2017-11-15T23:12:06.086080Z  
mila_ok
2017-11-15T23:12:06.086150Z  mila_init profile 0
2017-11-15T23:12:06.088776Z  mila_init profile 1
2017-11-15T23:12:06.088828Z  mila_init profile 2
2017-11-15T23:12:06.088864Z  mila_init profile 3
2017-11-15T23:12:06.088898Z  mila_init profile 4
2017-11-15T23:12:06.088927Z  mila_init profile 5
2017-11-15T23:12:06.088965Z  mila_init profile 6
2017-11-15T23:12:06.088995Z  mila_init profile 7
2017-11-15T23:12:06.089034Z  mila_init profile 8
2017-11-15T23:12:06.089065Z  mila_init profile 9
2017-11-15T23:12:06.089098Z  mila_init profile 10
2017-11-15T23:12:06.089315Z  afficher sur le web not found
2017-11-15T23:12:06.089333Z  link to mila not found
2017-11-15T23:12:06.089356Z  Forwarding email
2017-11-15T23:12:06.127437Z  system returned : 0
2017-11-15T23:12:06.127502Z  Mila end
2017-11-15T23:12:06.127636Z  afficher sur le web not found
2017-11-15T23:12:06.127650Z  link to mila not found
2017-11-15T23:12:06.127668Z  Forwarding email
2017-11-15T23:12:06.159295Z  system returned : 0
2017-11-15T23:12:06.159346Z  Mila end
2017-11-15T23:12:36.381443Z  
mila_accept_ok
2017-11-15T23:12:36.385301Z  file: 1510639489202562
2017-11-15T23:12:36.385409Z  mila_accept
2017-11-15T23:12:36.385439Z  mila_accept() start not found
2017-11-15T23:12:36.385452Z  No new order pending
2017-11-15T23:12:36.385476Z  mila_accept
2017-11-15T23:12:36.385491Z  mila_accept() start not found
2017-11-15T23:12:36.385614Z  No new order pending
2017-11-15T23:14:32.310904Z  Test 5
2017-11-15T23:14:32.313458Z  
email_ok
2017-11-15T23:14:32.391279Z  
mila_accept_ok
2017-11-15T23:14:32.393112Z  file: 1510639489202562
2017-11-15T23:14:32.393171Z  mila_accept
2017-11-15T23:14:32.393183Z  mila_accept() start not found
2017-11-15T23:14:32.393190Z  No new order pending
2017-11-15T23:14:32.393199Z  mila_accept
2017-11-15T23:14:32.393204Z  mila_accept() start not found
2017-11-15T23:14:32.393211Z  No new order pending
2017-11-15T23:14:32.395537Z  mila_find_emaillink_ok
2017-11-15T23:14:32.397365Z  file: 1510639489202562
2017-11-15T23:14:32.397403Z  link to mila start found
2017-11-15T23:14:32.397413Z  link to mila end found
2017-11-15T23:14:32.397422Z  link to mila found: https://www.mila.com/loginWithPW/926389f6?next=/friendservicecalls/116757
2017-11-15T23:14:32.397430Z  file: 1510676880564945
2017-11-15T23:14:32.397457Z  link to mila start found
2017-11-15T23:14:32.397463Z  link to mila end found
2017-11-15T23:14:32.397472Z  link to mila found: https://www.mila.com/loginWithPW/926389f6?next=/friendservicecalls/117134
2017-11-15T23:14:32.397478Z  file: 1510769027216140
2017-11-15T23:14:32.397495Z  link to mila start found
2017-11-15T23:14:32.397526Z  link to mila end found
2017-11-15T23:14:32.397537Z  link to mila found: https://www.mila.com/loginWithPW/c6f77a0f?next=/friendservicecalls/115542
2017-11-15T23:14:32.397544Z  file: 1510743418933235
2017-11-15T23:14:32.397572Z  link to mila start found
2017-11-15T23:14:32.397578Z  link to mila end found
2017-11-15T23:14:32.397586Z  link to mila found: https://www.mila.com/loginWithPW/3a9d44fe?next=/friendservicecalls/117368
2017-11-15T23:14:32.397603Z  file: 1510735845271567
2017-11-15T23:14:32.397620Z  link to mila start found
2017-11-15T23:14:32.397627Z  link to mila end found
2017-11-15T23:14:32.397636Z  link to mila found: https://www.mila.com/loginWithPW/50360217?next=/friendservicecalls/115542
2017-11-15T23:14:32.397642Z  file: 1510769028009953
2017-11-15T23:14:32.397659Z  link to mila start found
2017-11-15T23:14:32.397665Z  link to mila end found
2017-11-15T23:14:32.397673Z  link to mila found: https://www.mila.com/loginWithPW/b1489764?next=/friendservicecalls/115542
2017-11-15T23:14:32.397679Z  file: 1510743789719365
2017-11-15T23:14:32.397714Z  link to mila start found
2017-11-15T23:14:32.397723Z  link to mila end found
2017-11-15T23:14:32.397731Z  link to mila found: https://www.mila.com/loginWithPW/3a9d44fe?next=/friendservicecalls/117368
2017-11-15T23:14:32.397742Z  file: 1510735845266477
2017-11-15T23:14:32.397771Z  link to mila start found
2017-11-15T23:14:32.397777Z  link to mila end found
2017-11-15T23:14:32.397785Z  link to mila found: https://www.mila.com/loginWithPW/926389f6?next=/friendservicecalls/115542
2017-11-15T23:14:32.397792Z  file: 1510659898627478
2017-11-15T23:14:32.397808Z  link to mila start found
2017-11-15T23:14:32.397814Z  link to mila end found
2017-11-15T23:14:32.397823Z  link to mila found: https://www.mila.com/loginWithPW/926389f6?next=/friendservicecalls/116932
2017-11-15T23:14:32.397856Z  file: 1510567513586275
2017-11-15T23:14:32.397921Z  afficher sur le web not found
2017-11-15T23:14:32.397931Z  file: 1510716471690746
2017-11-15T23:14:32.397947Z  afficher sur le web not found
2017-11-15T23:14:32.397953Z  file: 1510722091068754
2017-11-15T23:14:32.397970Z  afficher sur le web not found
2017-11-15T23:14:32.397977Z  file: 1510674718844064
2017-11-15T23:14:32.398398Z  afficher sur le web not found
2017-11-15T23:14:32.398427Z  file: 1510550821802089
2017-11-15T23:14:32.398447Z  afficher sur le web not found
2017-11-15T23:14:32.398454Z  file: 1510722143284345
2017-11-15T23:14:32.398472Z  afficher sur le web not found
2017-11-15T23:14:32.398479Z  file: 1510716449415690
2017-11-15T23:14:32.398495Z  afficher sur le web not found
2017-11-15T23:14:32.398501Z  file: 1510743758921111
2017-11-15T23:14:32.398518Z  afficher sur le web not found
2017-11-15T23:14:32.398525Z  file: 1510759047191323
2017-11-15T23:14:32.398783Z  afficher sur le web not found
2017-11-15T23:14:32.398793Z  file: 1510576923796592
2017-11-15T23:14:32.398810Z  afficher sur le web not found
2017-11-15T23:14:32.398829Z  file: 1510635687954659
2017-11-15T23:14:32.398849Z  afficher sur le web not found
2017-11-15T23:14:32.398857Z  file: 1510759945714131
2017-11-15T23:14:32.398880Z  afficher sur le web not found
2017-11-15T23:14:32.398887Z  file: 1510567480675924
2017-11-15T23:14:32.398904Z  afficher sur le web not found
2017-11-15T23:14:32.398911Z  file: 1510654819664854
2017-11-15T23:14:32.399067Z  afficher sur le web not found
2017-11-15T23:14:32.399077Z  file: 1510743653680880
2017-11-15T23:14:32.399103Z  afficher sur le web not found
2017-11-15T23:14:32.399110Z  file: 1510674656438508
2017-11-15T23:14:32.399255Z  afficher sur le web not found
2017-11-15T23:14:32.399266Z  file: 1510716350194860
2017-11-15T23:14:32.399283Z  afficher sur le web not found
2017-11-15T23:14:32.401745Z  
mila_ok
2017-11-15T23:14:32.401798Z  mila_init profile 0
2017-11-15T23:14:32.403500Z  mila_init profile 1
2017-11-15T23:14:32.403535Z  mila_init profile 2
2017-11-15T23:14:32.403558Z  mila_init profile 3
2017-11-15T23:14:32.403586Z  mila_init profile 4
2017-11-15T23:14:32.403606Z  mila_init profile 5
2017-11-15T23:14:32.403629Z  mila_init profile 6
2017-11-15T23:14:32.403649Z  mila_init profile 7
2017-11-15T23:14:32.403675Z  mila_init profile 8
2017-11-15T23:14:32.403696Z  mila_init profile 9
2017-11-15T23:14:32.403719Z  mila_init profile 10
2017-11-15T23:14:32.403914Z  afficher sur le web not found
2017-11-15T23:14:32.403927Z  link to mila not found
2017-11-15T23:14:32.403942Z  Forwarding email
2017-11-15T23:14:32.419124Z  system returned : 0
2017-11-15T23:14:32.419180Z  Mila end
2017-11-15T23:14:32.419279Z  afficher sur le web not found
2017-11-15T23:14:32.419289Z  link to mila not found
2017-11-15T23:14:32.419304Z  Forwarding email
2017-11-15T23:14:32.459346Z  system returned : 0
2017-11-15T23:14:32.459406Z  Mila end
2017-11-15T23:14:36.659651Z  Test 5
2017-11-15T23:14:36.664093Z  
email_ok
2017-11-15T23:14:36.725435Z  
mila_accept_ok
2017-11-15T23:14:36.728753Z  mila_accept
2017-11-15T23:14:36.728786Z  mila_accept() start not found
2017-11-15T23:14:36.728799Z  No new order pending
2017-11-15T23:14:36.729613Z  mila_accept
2017-11-15T23:14:36.729651Z  Nouvelles demandes
2017-11-15T23:14:36.729875Z  curl_easy_setopt
2017-11-15T23:14:36.729896Z  curl_easy_setopt ok
2017-11-15T23:14:36.730015Z  orderid: 110943
2017-11-15T23:14:36.730037Z  csrf: jLnrBq2HcsROMJdXms1E7G1DCGr6+JvYWc19k=
2017-11-15T23:14:36.730055Z  post: _csrf=jLnrBq2HcsROMJdXms1E7G1DCGr6%2BJvYWc19k%3D
2017-11-15T23:14:36.730069Z  postlen: 48
2017-11-15T23:14:36.730091Z  https://www.mila.com/friendaccept/110943
2017-11-15T23:14:36.750466Z  mila_accept() error
2017-11-15T23:14:36.750828Z  mila_accept
2017-11-15T23:14:36.750857Z  Nouvelles demandes
2017-11-15T23:14:36.751115Z  curl_easy_setopt
2017-11-15T23:14:36.751134Z  curl_easy_setopt ok
2017-11-15T23:14:36.751195Z  orderid: 111107
2017-11-15T23:14:36.751212Z  csrf: fPdtnFWEDsdKuzRXfzmoIZTaXk9Ou1YIlBChE=
2017-11-15T23:14:36.751237Z  post: _csrf=fPdtnFWEDsdKuzRXfzmoIZTaXk9Ou1YIlBChE%3D
2017-11-15T23:14:36.751251Z  postlen: 46
2017-11-15T23:14:36.751265Z  https://www.mila.com/friendaccept/111107
2017-11-15T23:14:36.783883Z  mila_accept() error
2017-11-15T23:14:36.784578Z  mila_accept
2017-11-15T23:14:36.784614Z  Nouvelles demandes
2017-11-15T23:14:36.784791Z  curl_easy_setopt
2017-11-15T23:14:36.784806Z  curl_easy_setopt ok
2017-11-15T23:14:36.784852Z  orderid: 111313
2017-11-15T23:14:36.784867Z  csrf: XxjQq4URzyT1ezbF2fog1U7isiXcnFXFppKNI=
2017-11-15T23:14:36.784886Z  post: _csrf=XxjQq4URzyT1ezbF2fog1U7isiXcnFXFppKNI%3D
2017-11-15T23:14:36.784898Z  postlen: 46
2017-11-15T23:14:36.784910Z  https://www.mila.com/friendaccept/111313
2017-11-15T23:14:36.803755Z  mila_accept() error
2017-11-15T23:14:36.804019Z  mila_accept
2017-11-15T23:14:36.804041Z  Nouvelles demandes
2017-11-15T23:14:36.804215Z  curl_easy_setopt
2017-11-15T23:14:36.804240Z  curl_easy_setopt ok
2017-11-15T23:14:36.804285Z  orderid: 110943
2017-11-15T23:14:36.804309Z  csrf: jLnrBq2HcsROMJdXms1E7G1DCGr6+JvYWc19k=
2017-11-15T23:14:36.804324Z  post: _csrf=jLnrBq2HcsROMJdXms1E7G1DCGr6%2BJvYWc19k%3D
2017-11-15T23:14:36.804356Z  postlen: 48
2017-11-15T23:14:36.804369Z  https://www.mila.com/friendaccept/110943
2017-11-15T23:14:36.819637Z  mila_accept() error
2017-11-15T23:14:36.819878Z  mila_accept
2017-11-15T23:14:36.819900Z  Nouvelles demandes
2017-11-15T23:14:36.820055Z  curl_easy_setopt
2017-11-15T23:14:36.820073Z  curl_easy_setopt ok
2017-11-15T23:14:36.820123Z  orderid: 110919
2017-11-15T23:14:36.820136Z  csrf: I5n00d8HPqCOOVeaLbgkQb3rBieyi4P/1lDIs=
2017-11-15T23:14:36.820165Z  post: _csrf=I5n00d8HPqCOOVeaLbgkQb3rBieyi4P%2F1lDIs%3D
2017-11-15T23:14:36.820175Z  postlen: 48
2017-11-15T23:14:36.820190Z  https://www.mila.com/friendaccept/110919
2017-11-15T23:14:36.835385Z  mila_accept() error
2017-11-15T23:14:36.835953Z  mila_accept
2017-11-15T23:14:36.836068Z  mila_accept() start not found
2017-11-15T23:14:36.836080Z  No new order pending
2017-11-15T23:14:36.840038Z  mila_find_emaillink_ok
2017-11-15T23:14:36.846450Z  file: 1510639489202562
2017-11-15T23:14:36.846520Z  link to mila start found
2017-11-15T23:14:36.846531Z  link to mila end found
2017-11-15T23:14:36.846542Z  link to mila found: https://www.mila.com/loginWithPW/926389f6?next=/friendservicecalls/116757
2017-11-15T23:14:36.846552Z  file: 1510676880564945
2017-11-15T23:14:36.846569Z  link to mila start found
2017-11-15T23:14:36.846578Z  link to mila end found
2017-11-15T23:14:36.846588Z  link to mila found: https://www.mila.com/loginWithPW/926389f6?next=/friendservicecalls/117134
2017-11-15T23:14:36.846595Z  file: 1510769027216140
2017-11-15T23:14:36.846613Z  link to mila start found
2017-11-15T23:14:36.846620Z  link to mila end found
2017-11-15T23:14:36.846630Z  link to mila found: https://www.mila.com/loginWithPW/c6f77a0f?next=/friendservicecalls/115542
2017-11-15T23:14:36.846637Z  file: 1510743418933235
2017-11-15T23:14:36.846656Z  link to mila start found
2017-11-15T23:14:36.846663Z  link to mila end found
2017-11-15T23:14:36.846672Z  link to mila found: https://www.mila.com/loginWithPW/3a9d44fe?next=/friendservicecalls/117368
2017-11-15T23:14:36.846685Z  file: 1510735845271567
2017-11-15T23:14:36.846702Z  link to mila start found
2017-11-15T23:14:36.846708Z  link to mila end found
2017-11-15T23:14:36.846718Z  link to mila found: https://www.mila.com/loginWithPW/50360217?next=/friendservicecalls/115542
2017-11-15T23:14:36.846725Z  file: 1510769028009953
2017-11-15T23:14:36.846741Z  link to mila start found
2017-11-15T23:14:36.846749Z  link to mila end found
2017-11-15T23:14:36.846758Z  link to mila found: https://www.mila.com/loginWithPW/b1489764?next=/friendservicecalls/115542
2017-11-15T23:14:36.846765Z  file: 1510743789719365
2017-11-15T23:14:36.846807Z  link to mila start found
2017-11-15T23:14:36.846817Z  link to mila end found
2017-11-15T23:14:36.846827Z  link to mila found: https://www.mila.com/loginWithPW/3a9d44fe?next=/friendservicecalls/117368
2017-11-15T23:14:36.846849Z  file: 1510735845266477
2017-11-15T23:14:36.846870Z  link to mila start found
2017-11-15T23:14:36.846877Z  link to mila end found
2017-11-15T23:14:36.846886Z  link to mila found: https://www.mila.com/loginWithPW/926389f6?next=/friendservicecalls/115542
2017-11-15T23:14:36.846893Z  file: 1510659898627478
2017-11-15T23:14:36.846911Z  link to mila start found
2017-11-15T23:14:36.846918Z  link to mila end found
2017-11-15T23:14:36.846927Z  link to mila found: https://www.mila.com/loginWithPW/926389f6?next=/friendservicecalls/116932
2017-11-15T23:14:36.846968Z  file: 1510567513586275
2017-11-15T23:14:36.847025Z  afficher sur le web not found
2017-11-15T23:14:36.847036Z  file: 1510716471690746
2017-11-15T23:14:36.847053Z  afficher sur le web not found
2017-11-15T23:14:36.847060Z  file: 1510722091068754
2017-11-15T23:14:36.847078Z  afficher sur le web not found
2017-11-15T23:14:36.847086Z  file: 1510674718844064
2017-11-15T23:14:36.847526Z  afficher sur le web not found
2017-11-15T23:14:36.847560Z  file: 1510550821802089
2017-11-15T23:14:36.847592Z  afficher sur le web not found
2017-11-15T23:14:36.847600Z  file: 1510722143284345
2017-11-15T23:14:36.847619Z  afficher sur le web not found
2017-11-15T23:14:36.847640Z  file: 1510716449415690
2017-11-15T23:14:36.847667Z  afficher sur le web not found
2017-11-15T23:14:36.847676Z  file: 1510743758921111
2017-11-15T23:14:36.847695Z  afficher sur le web not found
2017-11-15T23:14:36.847703Z  file: 1510759047191323
2017-11-15T23:14:36.848023Z  afficher sur le web not found
2017-11-15T23:14:36.848036Z  file: 1510576923796592
2017-11-15T23:14:36.848055Z  afficher sur le web not found
2017-11-15T23:14:36.848062Z  file: 1510635687954659
2017-11-15T23:14:36.848081Z  afficher sur le web not found
2017-11-15T23:14:36.848088Z  file: 1510759945714131
2017-11-15T23:14:36.848105Z  afficher sur le web not found
2017-11-15T23:14:36.848112Z  file: 1510567480675924
2017-11-15T23:14:36.848130Z  afficher sur le web not found
2017-11-15T23:14:36.848138Z  file: 1510654819664854
2017-11-15T23:14:36.848313Z  afficher sur le web not found
2017-11-15T23:14:36.848323Z  file: 1510743653680880
2017-11-15T23:14:36.848342Z  afficher sur le web not found
2017-11-15T23:14:36.848349Z  file: 1510674656438508
2017-11-15T23:14:36.848533Z  afficher sur le web not found
2017-11-15T23:14:36.848543Z  file: 1510716350194860
2017-11-15T23:14:36.848579Z  afficher sur le web not found
2017-11-15T23:14:36.851652Z  
mila_ok
2017-11-15T23:14:36.851707Z  mila_init profile 0
2017-11-15T23:14:36.853866Z  mila_init profile 1
2017-11-15T23:14:36.853908Z  mila_init profile 2
2017-11-15T23:14:36.853936Z  mila_init profile 3
2017-11-15T23:14:36.853968Z  mila_init profile 4
2017-11-15T23:14:36.853985Z  mila_init profile 5
2017-11-15T23:14:36.854005Z  mila_init profile 6
2017-11-15T23:14:36.854023Z  mila_init profile 7
2017-11-15T23:14:36.854044Z  mila_init profile 8
2017-11-15T23:14:36.854062Z  mila_init profile 9
2017-11-15T23:14:36.854082Z  mila_init profile 10
2017-11-15T23:14:36.854231Z  afficher sur le web not found
2017-11-15T23:14:36.854246Z  link to mila not found
2017-11-15T23:14:36.854263Z  Forwarding email
2017-11-15T23:14:36.875603Z  system returned : 0
2017-11-15T23:14:36.875655Z  Mila end
2017-11-15T23:14:36.875753Z  afficher sur le web not found
2017-11-15T23:14:36.875775Z  link to mila not found
2017-11-15T23:14:36.875791Z  Forwarding email
2017-11-15T23:14:36.908526Z  system returned : 0
2017-11-15T23:14:36.908603Z  Mila end
