Compiling the CXX compiler identification source file "CMakeCXXCompilerId.cpp" failed.
Compiler: CMAKE_CXX_COMPILER-NOTFOUND 
Build flags: 
Id flags: 

The output was:
No such file or directory


Compiling the CXX compiler identification source file "CMakeCXXCompilerId.cpp" failed.
Compiler: CMAKE_CXX_COMPILER-NOTFOUND 
Build flags: 
Id flags: -c

The output was:
No such file or directory


Compiling the CXX compiler identification source file "CMakeCXXCompilerId.cpp" failed.
Compiler: CMAKE_CXX_COMPILER-NOTFOUND 
Build flags: 
Id flags: 

The output was:
No such file or directory


Compiling the CXX compiler identification source file "CMakeCXXCompilerId.cpp" failed.
Compiler: CMAKE_CXX_COMPILER-NOTFOUND 
Build flags: 
Id flags: -c

The output was:
No such file or directory


Determining if the pthread_create exist failed with the following output:
Change Dir: /home/ubuntu/milac/CMakeFiles/CMakeTmp

Run Build Command:"/usr/bin/make" "cmTC_cc4bd/fast"
/usr/bin/make -f CMakeFiles/cmTC_cc4bd.dir/build.make CMakeFiles/cmTC_cc4bd.dir/build
make[1]: Entering directory '/home/ubuntu/milac/CMakeFiles/CMakeTmp'
Building C object CMakeFiles/cmTC_cc4bd.dir/CheckSymbolExists.c.o
/usr/bin/cc    -fPIE   -o CMakeFiles/cmTC_cc4bd.dir/CheckSymbolExists.c.o   -c /home/ubuntu/milac/CMakeFiles/CMakeTmp/CheckSymbolExists.c
Linking C executable cmTC_cc4bd
/usr/bin/cmake -E cmake_link_script CMakeFiles/cmTC_cc4bd.dir/link.txt --verbose=1
/usr/bin/cc       CMakeFiles/cmTC_cc4bd.dir/CheckSymbolExists.c.o  -o cmTC_cc4bd 
CMakeFiles/cmTC_cc4bd.dir/CheckSymbolExists.c.o: In function `main':
CheckSymbolExists.c:(.text+0x1b): undefined reference to `pthread_create'
collect2: error: ld returned 1 exit status
CMakeFiles/cmTC_cc4bd.dir/build.make:97: recipe for target 'cmTC_cc4bd' failed
make[1]: *** [cmTC_cc4bd] Error 1
make[1]: Leaving directory '/home/ubuntu/milac/CMakeFiles/CMakeTmp'
Makefile:126: recipe for target 'cmTC_cc4bd/fast' failed
make: *** [cmTC_cc4bd/fast] Error 2

File /home/ubuntu/milac/CMakeFiles/CMakeTmp/CheckSymbolExists.c:
/* */
#include <pthread.h>

int main(int argc, char** argv)
{
  (void)argv;
#ifndef pthread_create
  return ((int*)(&pthread_create))[argc];
#else
  (void)argc;
  return 0;
#endif
}

Determining if the function pthread_create exists in the pthreads failed with the following output:
Change Dir: /home/ubuntu/milac/CMakeFiles/CMakeTmp

Run Build Command:"/usr/bin/make" "cmTC_f5d6a/fast"
/usr/bin/make -f CMakeFiles/cmTC_f5d6a.dir/build.make CMakeFiles/cmTC_f5d6a.dir/build
make[1]: Entering directory '/home/ubuntu/milac/CMakeFiles/CMakeTmp'
Building C object CMakeFiles/cmTC_f5d6a.dir/CheckFunctionExists.c.o
/usr/bin/cc    -DCHECK_FUNCTION_EXISTS=pthread_create -fPIE   -o CMakeFiles/cmTC_f5d6a.dir/CheckFunctionExists.c.o   -c /usr/share/cmake-3.5/Modules/CheckFunctionExists.c
Linking C executable cmTC_f5d6a
/usr/bin/cmake -E cmake_link_script CMakeFiles/cmTC_f5d6a.dir/link.txt --verbose=1
/usr/bin/cc   -DCHECK_FUNCTION_EXISTS=pthread_create    CMakeFiles/cmTC_f5d6a.dir/CheckFunctionExists.c.o  -o cmTC_f5d6a -lpthreads 
/usr/bin/ld: cannot find -lpthreads
collect2: error: ld returned 1 exit status
CMakeFiles/cmTC_f5d6a.dir/build.make:97: recipe for target 'cmTC_f5d6a' failed
make[1]: *** [cmTC_f5d6a] Error 1
make[1]: Leaving directory '/home/ubuntu/milac/CMakeFiles/CMakeTmp'
Makefile:126: recipe for target 'cmTC_f5d6a/fast' failed
make: *** [cmTC_f5d6a/fast] Error 2


